This is pdfTeX, Version 3.14159265-2.6-1.40.21 (TeX Live 2020) (preloaded format=pdflatex 2020.4.7)  21 SEP 2022 10:27
entering extended mode
 restricted \write18 enabled.
 %&-line parsing enabled.
**CountrySummary.tex
(./CountrySummary.tex
LaTeX2e <2020-02-02> patch level 5
L3 programming layer <2020-03-06> (/usr/local/texlive/2020/texmf-dist/tex/latex
/base/article.cls
Document Class: article 2019/12/20 v1.4l Standard LaTeX document class
(/usr/local/texlive/2020/texmf-dist/tex/latex/base/size10.clo
File: size10.clo 2019/12/20 v1.4l Standard LaTeX file (size option)
)
\c@part=\count167
\c@section=\count168
\c@subsection=\count169
\c@subsubsection=\count170
\c@paragraph=\count171
\c@subparagraph=\count172
\c@figure=\count173
\c@table=\count174
\abovecaptionskip=\skip47
\belowcaptionskip=\skip48
\bibindent=\dimen134
) (/usr/local/texlive/2020/texmf-dist/tex/latex/amsmath/amsmath.sty
Package: amsmath 2020/01/20 v2.17e AMS math features
\@mathmargin=\skip49
For additional information on amsmath, use the `?' option.
(/usr/local/texlive/2020/texmf-dist/tex/latex/amsmath/amstext.sty
Package: amstext 2000/06/29 v2.01 AMS text
(/usr/local/texlive/2020/texmf-dist/tex/latex/amsmath/amsgen.sty
File: amsgen.sty 1999/11/30 v2.0 generic functions
\@emptytoks=\toks15
\ex@=\dimen135
)) (/usr/local/texlive/2020/texmf-dist/tex/latex/amsmath/amsbsy.sty
Package: amsbsy 1999/11/29 v1.2d Bold Symbols
\pmbraise@=\dimen136
) (/usr/local/texlive/2020/texmf-dist/tex/latex/amsmath/amsopn.sty
Package: amsopn 2016/03/08 v2.02 operator names
)
\inf@bad=\count175
LaTeX Info: Redefining \frac on input line 227.
\uproot@=\count176
\leftroot@=\count177
LaTeX Info: Redefining \overline on input line 389.
\classnum@=\count178
\DOTSCASE@=\count179
LaTeX Info: Redefining \ldots on input line 486.
LaTeX Info: Redefining \dots on input line 489.
LaTeX Info: Redefining \cdots on input line 610.
\Mathstrutbox@=\box45
\strutbox@=\box46
\big@size=\dimen137
LaTeX Font Info:    Redeclaring font encoding OML on input line 733.
LaTeX Font Info:    Redeclaring font encoding OMS on input line 734.
\macc@depth=\count180
\c@MaxMatrixCols=\count181
\dotsspace@=\muskip16
\c@parentequation=\count182
\dspbrk@lvl=\count183
\tag@help=\toks16
\row@=\count184
\column@=\count185
\maxfields@=\count186
\andhelp@=\toks17
\eqnshift@=\dimen138
\alignsep@=\dimen139
\tagshift@=\dimen140
\tagwidth@=\dimen141
\totwidth@=\dimen142
\lineht@=\dimen143
\@envbody=\toks18
\multlinegap=\skip50
\multlinetaggap=\skip51
\mathdisplay@stack=\toks19
LaTeX Info: Redefining \[ on input line 2859.
LaTeX Info: Redefining \] on input line 2860.
) (/usr/local/texlive/2020/texmf-dist/tex/latex/amsfonts/amssymb.sty
Package: amssymb 2013/01/14 v3.01 AMS font symbols
(/usr/local/texlive/2020/texmf-dist/tex/latex/amsfonts/amsfonts.sty
Package: amsfonts 2013/01/14 v3.01 Basic AMSFonts support
\symAMSa=\mathgroup4
\symAMSb=\mathgroup5
LaTeX Font Info:    Redeclaring math symbol \hbar on input line 98.
LaTeX Font Info:    Overwriting math alphabet `\mathfrak' in version `bold'
(Font)                  U/euf/m/n --> U/euf/b/n on input line 106.
)) (/usr/local/texlive/2020/texmf-dist/tex/latex/lm/lmodern.sty
Package: lmodern 2009/10/30 v1.6 Latin Modern Fonts
LaTeX Font Info:    Overwriting symbol font `operators' in version `normal'
(Font)                  OT1/cmr/m/n --> OT1/lmr/m/n on input line 22.
LaTeX Font Info:    Overwriting symbol font `letters' in version `normal'
(Font)                  OML/cmm/m/it --> OML/lmm/m/it on input line 23.
LaTeX Font Info:    Overwriting symbol font `symbols' in version `normal'
(Font)                  OMS/cmsy/m/n --> OMS/lmsy/m/n on input line 24.
LaTeX Font Info:    Overwriting symbol font `largesymbols' in version `normal'
(Font)                  OMX/cmex/m/n --> OMX/lmex/m/n on input line 25.
LaTeX Font Info:    Overwriting symbol font `operators' in version `bold'
(Font)                  OT1/cmr/bx/n --> OT1/lmr/bx/n on input line 26.
LaTeX Font Info:    Overwriting symbol font `letters' in version `bold'
(Font)                  OML/cmm/b/it --> OML/lmm/b/it on input line 27.
LaTeX Font Info:    Overwriting symbol font `symbols' in version `bold'
(Font)                  OMS/cmsy/b/n --> OMS/lmsy/b/n on input line 28.
LaTeX Font Info:    Overwriting symbol font `largesymbols' in version `bold'
(Font)                  OMX/cmex/m/n --> OMX/lmex/m/n on input line 29.
LaTeX Font Info:    Overwriting math alphabet `\mathbf' in version `normal'
(Font)                  OT1/cmr/bx/n --> OT1/lmr/bx/n on input line 31.
LaTeX Font Info:    Overwriting math alphabet `\mathsf' in version `normal'
(Font)                  OT1/cmss/m/n --> OT1/lmss/m/n on input line 32.
LaTeX Font Info:    Overwriting math alphabet `\mathit' in version `normal'
(Font)                  OT1/cmr/m/it --> OT1/lmr/m/it on input line 33.
LaTeX Font Info:    Overwriting math alphabet `\mathtt' in version `normal'
(Font)                  OT1/cmtt/m/n --> OT1/lmtt/m/n on input line 34.
LaTeX Font Info:    Overwriting math alphabet `\mathbf' in version `bold'
(Font)                  OT1/cmr/bx/n --> OT1/lmr/bx/n on input line 35.
LaTeX Font Info:    Overwriting math alphabet `\mathsf' in version `bold'
(Font)                  OT1/cmss/bx/n --> OT1/lmss/bx/n on input line 36.
LaTeX Font Info:    Overwriting math alphabet `\mathit' in version `bold'
(Font)                  OT1/cmr/bx/it --> OT1/lmr/bx/it on input line 37.
LaTeX Font Info:    Overwriting math alphabet `\mathtt' in version `bold'
(Font)                  OT1/cmtt/m/n --> OT1/lmtt/m/n on input line 38.
) (/usr/local/texlive/2020/texmf-dist/tex/generic/iftex/iftex.sty
Package: iftex 2020/03/06 v1.0d TeX engine tests
) (/usr/local/texlive/2020/texmf-dist/tex/latex/base/fontenc.sty
Package: fontenc 2020/02/11 v2.0o Standard LaTeX package
LaTeX Font Info:    Trying to load font information for T1+lmr on input line 11
2.
(/usr/local/texlive/2020/texmf-dist/tex/latex/lm/t1lmr.fd
File: t1lmr.fd 2009/10/30 v1.6 Font defs for Latin Modern
)) (/usr/local/texlive/2020/texmf-dist/tex/latex/base/inputenc.sty
Package: inputenc 2018/08/11 v1.3c Input encoding file
\inpenc@prehook=\toks20
\inpenc@posthook=\toks21
) (/usr/local/texlive/2020/texmf-dist/tex/latex/base/textcomp.sty
Package: textcomp 2020/02/02 v2.0n Standard LaTeX package
) (/usr/local/texlive/2020/texmf-dist/tex/latex/upquote/upquote.sty
Package: upquote 2012/04/19 v1.3 upright-quote and grave-accent glyphs in verba
tim
) (/usr/local/texlive/2020/texmf-dist/tex/latex/microtype/microtype.sty
Package: microtype 2019/11/18 v2.7d Micro-typographical refinements (RS)
(/usr/local/texlive/2020/texmf-dist/tex/latex/graphics/keyval.sty
Package: keyval 2014/10/28 v1.15 key=value parser (DPC)
\KV@toks@=\toks22
)
\MT@toks=\toks23
\MT@count=\count187
LaTeX Info: Redefining \textls on input line 790.
\MT@outer@kern=\dimen144
LaTeX Info: Redefining \textmicrotypecontext on input line 1354.
\MT@listname@count=\count188
(/usr/local/texlive/2020/texmf-dist/tex/latex/microtype/microtype-pdftex.def
File: microtype-pdftex.def 2019/11/18 v2.7d Definitions specific to pdftex (RS)

LaTeX Info: Redefining \lsstyle on input line 914.
LaTeX Info: Redefining \lslig on input line 914.
\MT@outer@space=\skip52
)
Package microtype Info: Loading configuration file microtype.cfg.
(/usr/local/texlive/2020/texmf-dist/tex/latex/microtype/microtype.cfg
File: microtype.cfg 2019/11/18 v2.7d microtype main configuration file (RS)
)) (/usr/local/texlive/2020/texmf-dist/tex/latex/parskip/parskip.sty
Package: parskip 2020-01-22 v2.0d non-zero parskip adjustments
(/usr/local/texlive/2020/texmf-dist/tex/latex/kvoptions/kvoptions.sty
Package: kvoptions 2019/11/29 v3.13 Key value format for package options (HO)
(/usr/local/texlive/2020/texmf-dist/tex/generic/ltxcmds/ltxcmds.sty
Package: ltxcmds 2019/12/15 v1.24 LaTeX kernel commands for general use (HO)
) (/usr/local/texlive/2020/texmf-dist/tex/generic/kvsetkeys/kvsetkeys.sty
Package: kvsetkeys 2019/12/15 v1.18 Key value parser (HO)
)) (/usr/local/texlive/2020/texmf-dist/tex/latex/etoolbox/etoolbox.sty
Package: etoolbox 2019/09/21 v2.5h e-TeX tools for LaTeX (JAW)
\etb@tempcnta=\count189
)) (/usr/local/texlive/2020/texmf-dist/tex/latex/xcolor/xcolor.sty
Package: xcolor 2016/05/11 v2.12 LaTeX color extensions (UK)
(/usr/local/texlive/2020/texmf-dist/tex/latex/graphics-cfg/color.cfg
File: color.cfg 2016/01/02 v1.6 sample color configuration
)
Package xcolor Info: Driver file: pdftex.def on input line 225.
(/usr/local/texlive/2020/texmf-dist/tex/latex/graphics-def/pdftex.def
File: pdftex.def 2018/01/08 v1.0l Graphics/color driver for pdftex
)
Package xcolor Info: Model `cmy' substituted by `cmy0' on input line 1348.
Package xcolor Info: Model `hsb' substituted by `rgb' on input line 1352.
Package xcolor Info: Model `RGB' extended on input line 1364.
Package xcolor Info: Model `HTML' substituted by `rgb' on input line 1366.
Package xcolor Info: Model `Hsb' substituted by `hsb' on input line 1367.
Package xcolor Info: Model `tHsb' substituted by `hsb' on input line 1368.
Package xcolor Info: Model `HSB' substituted by `hsb' on input line 1369.
Package xcolor Info: Model `Gray' substituted by `gray' on input line 1370.
Package xcolor Info: Model `wave' substituted by `hsb' on input line 1371.
) (/usr/local/texlive/2020/texmf-dist/tex/latex/geometry/geometry.sty
Package: geometry 2020/01/02 v5.9 Page Geometry
(/usr/local/texlive/2020/texmf-dist/tex/generic/iftex/ifvtex.sty
Package: ifvtex 2019/10/25 v1.7 ifvtex legacy package. Use iftex instead.
)
\Gm@cnth=\count190
\Gm@cntv=\count191
\c@Gm@tempcnt=\count192
\Gm@bindingoffset=\dimen145
\Gm@wd@mp=\dimen146
\Gm@odd@mp=\dimen147
\Gm@even@mp=\dimen148
\Gm@layoutwidth=\dimen149
\Gm@layoutheight=\dimen150
\Gm@layouthoffset=\dimen151
\Gm@layoutvoffset=\dimen152
\Gm@dimlist=\toks24
) (/usr/local/texlive/2020/texmf-dist/tex/latex/graphics/graphicx.sty
Package: graphicx 2019/11/30 v1.2a Enhanced LaTeX Graphics (DPC,SPQR)
(/usr/local/texlive/2020/texmf-dist/tex/latex/graphics/graphics.sty
Package: graphics 2019/11/30 v1.4a Standard LaTeX Graphics (DPC,SPQR)
(/usr/local/texlive/2020/texmf-dist/tex/latex/graphics/trig.sty
Package: trig 2016/01/03 v1.10 sin cos tan (DPC)
) (/usr/local/texlive/2020/texmf-dist/tex/latex/graphics-cfg/graphics.cfg
File: graphics.cfg 2016/06/04 v1.11 sample graphics configuration
)
Package graphics Info: Driver file: pdftex.def on input line 105.
)
\Gin@req@height=\dimen153
\Gin@req@width=\dimen154
) (/usr/local/texlive/2020/texmf-dist/tex/latex/pdfpages/pdfpages.sty
Package: pdfpages 2020/01/28 v0.5q Insert pages of external PDF documents (AM)
(/usr/local/texlive/2020/texmf-dist/tex/latex/base/ifthen.sty
Package: ifthen 2014/09/29 v1.1c Standard LaTeX ifthen package (DPC)
) (/usr/local/texlive/2020/texmf-dist/tex/latex/tools/calc.sty
Package: calc 2017/05/25 v4.3 Infix arithmetic (KKT,FJ)
\calc@Acount=\count193
\calc@Bcount=\count194
\calc@Adimen=\dimen155
\calc@Bdimen=\dimen156
\calc@Askip=\skip53
\calc@Bskip=\skip54
LaTeX Info: Redefining \setlength on input line 80.
LaTeX Info: Redefining \addtolength on input line 81.
\calc@Ccount=\count195
\calc@Cskip=\skip55
) (/usr/local/texlive/2020/texmf-dist/tex/latex/eso-pic/eso-pic.sty
Package: eso-pic 2018/04/12 v2.0h eso-pic (RN)
(/usr/local/texlive/2020/texmf-dist/tex/generic/atbegshi/atbegshi.sty
Package: atbegshi 2019/12/05 v1.19 At begin shipout hook (HO)
(/usr/local/texlive/2020/texmf-dist/tex/generic/infwarerr/infwarerr.sty
Package: infwarerr 2019/12/03 v1.5 Providing info/warning/error messages (HO)
)))
\AM@pagewidth=\dimen157
\AM@pageheight=\dimen158
(/usr/local/texlive/2020/texmf-dist/tex/latex/pdfpages/pppdftex.def
File: pppdftex.def 2020/01/28 v0.5q Pdfpages driver for pdfTeX (AM)
)
\AM@pagebox=\box47
\AM@global@opts=\toks25
\AM@pagecnt=\count196
\AM@toc@title=\toks26
\c@AM@survey=\count197
\AM@templatesizebox=\box48
) (/usr/local/texlive/2020/texmf-dist/tex/latex/bookmark/bookmark.sty
Package: bookmark 2019/12/03 v1.28 PDF bookmarks (HO)
(/usr/local/texlive/2020/texmf-dist/tex/latex/hyperref/hyperref.sty
Package: hyperref 2020/01/14 v7.00d Hypertext links for LaTeX
(/usr/local/texlive/2020/texmf-dist/tex/latex/pdftexcmds/pdftexcmds.sty
Package: pdftexcmds 2019/11/24 v0.31 Utility functions of pdfTeX for LuaTeX (HO
)
Package pdftexcmds Info: \pdf@primitive is available.
Package pdftexcmds Info: \pdf@ifprimitive is available.
Package pdftexcmds Info: \pdfdraftmode found.
) (/usr/local/texlive/2020/texmf-dist/tex/generic/kvdefinekeys/kvdefinekeys.sty
Package: kvdefinekeys 2019-12-19 v1.6 Define keys (HO)
) (/usr/local/texlive/2020/texmf-dist/tex/generic/pdfescape/pdfescape.sty
Package: pdfescape 2019/12/09 v1.15 Implements pdfTeX's escape features (HO)
) (/usr/local/texlive/2020/texmf-dist/tex/latex/hycolor/hycolor.sty
Package: hycolor 2020-01-27 v1.10 Color options for hyperref/bookmark (HO)
) (/usr/local/texlive/2020/texmf-dist/tex/latex/letltxmacro/letltxmacro.sty
Package: letltxmacro 2019/12/03 v1.6 Let assignment for LaTeX macros (HO)
) (/usr/local/texlive/2020/texmf-dist/tex/latex/auxhook/auxhook.sty
Package: auxhook 2019-12-17 v1.6 Hooks for auxiliary files (HO)
)
\@linkdim=\dimen159
\Hy@linkcounter=\count198
\Hy@pagecounter=\count199
(/usr/local/texlive/2020/texmf-dist/tex/latex/hyperref/pd1enc.def
File: pd1enc.def 2020/01/14 v7.00d Hyperref: PDFDocEncoding definition (HO)
Now handling font encoding PD1 ...
... no UTF-8 mapping file for font encoding PD1
) (/usr/local/texlive/2020/texmf-dist/tex/generic/intcalc/intcalc.sty
Package: intcalc 2019/12/15 v1.3 Expandable calculations with integers (HO)
) (/usr/local/texlive/2020/texmf-dist/tex/generic/etexcmds/etexcmds.sty
Package: etexcmds 2019/12/15 v1.7 Avoid name clashes with e-TeX commands (HO)
)
\Hy@SavedSpaceFactor=\count266
Package hyperref Info: Option `unicode' set `true' on input line 4421.
(/usr/local/texlive/2020/texmf-dist/tex/latex/hyperref/puenc.def
File: puenc.def 2020/01/14 v7.00d Hyperref: PDF Unicode definition (HO)
Now handling font encoding PU ...
... no UTF-8 mapping file for font encoding PU
)
Package hyperref Info: Hyper figures OFF on input line 4547.
Package hyperref Info: Link nesting OFF on input line 4552.
Package hyperref Info: Hyper index ON on input line 4555.
Package hyperref Info: Plain pages OFF on input line 4562.
Package hyperref Info: Backreferencing OFF on input line 4567.
Package hyperref Info: Implicit mode ON; LaTeX internals redefined.
Package hyperref Info: Bookmarks ON on input line 4800.
\c@Hy@tempcnt=\count267
(/usr/local/texlive/2020/texmf-dist/tex/latex/url/url.sty
\Urlmuskip=\muskip17
Package: url 2013/09/16  ver 3.4  Verb mode for urls, etc.
)
LaTeX Info: Redefining \url on input line 5159.
\XeTeXLinkMargin=\dimen160
(/usr/local/texlive/2020/texmf-dist/tex/generic/bitset/bitset.sty
Package: bitset 2019/12/09 v1.3 Handle bit-vector datatype (HO)
(/usr/local/texlive/2020/texmf-dist/tex/generic/bigintcalc/bigintcalc.sty
Package: bigintcalc 2019/12/15 v1.5 Expandable calculations on big integers (HO
)
))
\Fld@menulength=\count268
\Field@Width=\dimen161
\Fld@charsize=\dimen162
Package hyperref Info: Hyper figures OFF on input line 6430.
Package hyperref Info: Link nesting OFF on input line 6435.
Package hyperref Info: Hyper index ON on input line 6438.
Package hyperref Info: backreferencing OFF on input line 6445.
Package hyperref Info: Link coloring OFF on input line 6450.
Package hyperref Info: Link coloring with OCG OFF on input line 6455.
Package hyperref Info: PDF/A mode OFF on input line 6460.
LaTeX Info: Redefining \ref on input line 6500.
LaTeX Info: Redefining \pageref on input line 6504.
\Hy@abspage=\count269
\c@Item=\count270
\c@Hfootnote=\count271
)
Package hyperref Info: Driver (autodetected): hpdftex.
(/usr/local/texlive/2020/texmf-dist/tex/latex/hyperref/hpdftex.def
File: hpdftex.def 2020/01/14 v7.00d Hyperref driver for pdfTeX
(/usr/local/texlive/2020/texmf-dist/tex/latex/atveryend/atveryend.sty
Package: atveryend 2019-12-11 v1.11 Hooks at the very end of document (HO)
)
\Fld@listcount=\count272
\c@bookmark@seq@number=\count273

(/usr/local/texlive/2020/texmf-dist/tex/latex/rerunfilecheck/rerunfilecheck.sty
Package: rerunfilecheck 2019/12/05 v1.9 Rerun checks for auxiliary files (HO)

(/usr/local/texlive/2020/texmf-dist/tex/generic/uniquecounter/uniquecounter.sty
Package: uniquecounter 2019/12/15 v1.4 Provide unlimited unique counter (HO)
)
Package uniquecounter Info: New unique counter `rerunfilecheck' on input line 2
86.
)
\Hy@SectionHShift=\skip56
) (/usr/local/texlive/2020/texmf-dist/tex/latex/bookmark/bkm-pdftex.def
File: bkm-pdftex.def 2019/12/03 v1.28 bookmark driver for pdfTeX (HO)
\BKM@id=\count274
)) (/usr/local/texlive/2020/texmf-dist/tex/latex/xurl/xurl.sty
Package: xurl 2020/01/24 v 0.09 modify URL breaks
) (/usr/local/texlive/2020/texmf-dist/tex/latex/l3backend/l3backend-pdfmode.def
File: l3backend-pdfmode.def 2020-03-12 L3 backend support: PDF mode
\l__kernel_color_stack_int=\count275
\l__pdf_internal_box=\box49
) (./CountrySummary.aux)
\openout1 = `CountrySummary.aux'.

LaTeX Font Info:    Checking defaults for OML/cmm/m/it on input line 70.
LaTeX Font Info:    ... okay on input line 70.
LaTeX Font Info:    Checking defaults for OMS/cmsy/m/n on input line 70.
LaTeX Font Info:    ... okay on input line 70.
LaTeX Font Info:    Checking defaults for OT1/cmr/m/n on input line 70.
LaTeX Font Info:    ... okay on input line 70.
LaTeX Font Info:    Checking defaults for T1/cmr/m/n on input line 70.
LaTeX Font Info:    ... okay on input line 70.
LaTeX Font Info:    Checking defaults for TS1/cmr/m/n on input line 70.
LaTeX Font Info:    ... okay on input line 70.
LaTeX Font Info:    Checking defaults for OMX/cmex/m/n on input line 70.
LaTeX Font Info:    ... okay on input line 70.
LaTeX Font Info:    Checking defaults for U/cmr/m/n on input line 70.
LaTeX Font Info:    ... okay on input line 70.
LaTeX Font Info:    Checking defaults for PD1/pdf/m/n on input line 70.
LaTeX Font Info:    ... okay on input line 70.
LaTeX Font Info:    Checking defaults for PU/pdf/m/n on input line 70.
LaTeX Font Info:    ... okay on input line 70.
LaTeX Info: Redefining \microtypecontext on input line 70.
Package microtype Info: Generating PDF output.
Package microtype Info: Character protrusion enabled (level 2).
Package microtype Info: Using protrusion set `basicmath'.
Package microtype Info: Automatic font expansion enabled (level 2),
(microtype)             stretch: 20, shrink: 20, step: 1, non-selected.
Package microtype Info: Using default expansion set `basictext'.
LaTeX Info: Redefining \showhyphens on input line 70.
Package microtype Info: No adjustment of tracking.
Package microtype Info: No adjustment of interword spacing.
Package microtype Info: No adjustment of character kerning.
(/usr/local/texlive/2020/texmf-dist/tex/latex/microtype/mt-cmr.cfg
File: mt-cmr.cfg 2013/05/19 v2.2 microtype config. file: Computer Modern Roman 
(RS)
) (/usr/local/texlive/2020/texmf-dist/tex/context/base/mkii/supp-pdf.mkii
[Loading MPS to PDF converter (version 2006.09.02).]
\scratchcounter=\count276
\scratchdimen=\dimen163
\scratchbox=\box50
\nofMPsegments=\count277
\nofMParguments=\count278
\everyMPshowfont=\toks27
\MPscratchCnt=\count279
\MPscratchDim=\dimen164
\MPnumerator=\count280
\makeMPintoPDFobject=\count281
\everyMPtoPDFconversion=\toks28
) (/usr/local/texlive/2020/texmf-dist/tex/latex/epstopdf-pkg/epstopdf-base.sty
Package: epstopdf-base 2020-01-24 v2.11 Base part for package epstopdf
Package epstopdf-base Info: Redefining graphics rule for `.eps' on input line 4
85.
(/usr/local/texlive/2020/texmf-dist/tex/latex/latexconfig/epstopdf-sys.cfg
File: epstopdf-sys.cfg 2010/07/13 v1.3 Configuration of (r)epstopdf for TeX Liv
e
))
*geometry* driver: auto-detecting
*geometry* detected driver: pdftex
*geometry* verbose mode - [ preamble ] result:
* driver: pdftex
* paper: <default>
* layout: <same size as paper>
* layoutoffset:(h,v)=(0.0pt,0.0pt)
* modes: 
* h-part:(L,W,R)=(72.26999pt, 469.75502pt, 72.26999pt)
* v-part:(T,H,B)=(72.26999pt, 650.43001pt, 72.26999pt)
* \paperwidth=614.295pt
* \paperheight=794.96999pt
* \textwidth=469.75502pt
* \textheight=650.43001pt
* \oddsidemargin=0.0pt
* \evensidemargin=0.0pt
* \topmargin=-37.0pt
* \headheight=12.0pt
* \headsep=25.0pt
* \topskip=10.0pt
* \footskip=30.0pt
* \marginparwidth=65.0pt
* \marginparsep=11.0pt
* \columnsep=10.0pt
* \skip\footins=9.0pt plus 4.0pt minus 2.0pt
* \hoffset=0.0pt
* \voffset=0.0pt
* \mag=1000
* \@twocolumnfalse
* \@twosidefalse
* \@mparswitchfalse
* \@reversemarginfalse
* (1in=72.27pt=25.4mm, 1cm=28.453pt)

\AtBeginShipoutBox=\box51
(/usr/local/texlive/2020/texmf-dist/tex/latex/pdflscape/pdflscape.sty
Package: pdflscape 2019/12/05 v0.12 Display of landscape pages in PDF (HO)
(/usr/local/texlive/2020/texmf-dist/tex/latex/graphics/lscape.sty
Package: lscape 2000/10/22 v3.01 Landscape Pages (DPC)
)
Package pdflscape Info: Auto-detected driver: pdftex on input line 81.
)
Package hyperref Info: Link coloring OFF on input line 70.
(/usr/local/texlive/2020/texmf-dist/tex/latex/hyperref/nameref.sty
Package: nameref 2019/09/16 v2.46 Cross-referencing by name of section
(/usr/local/texlive/2020/texmf-dist/tex/latex/refcount/refcount.sty
Package: refcount 2019/12/15 v3.6 Data extraction from label references (HO)
)
(/usr/local/texlive/2020/texmf-dist/tex/generic/gettitlestring/gettitlestring.s
ty
Package: gettitlestring 2019/12/15 v1.6 Cleanup title references (HO)
)
\c@section@level=\count282
)
LaTeX Info: Redefining \ref on input line 70.
LaTeX Info: Redefining \pageref on input line 70.
LaTeX Info: Redefining \nameref on input line 70.
LaTeX Font Info:    Trying to load font information for OT1+lmr on input line 7
2.
(/usr/local/texlive/2020/texmf-dist/tex/latex/lm/ot1lmr.fd
File: ot1lmr.fd 2009/10/30 v1.6 Font defs for Latin Modern
)
LaTeX Font Info:    Trying to load font information for OML+lmm on input line 7
2.
(/usr/local/texlive/2020/texmf-dist/tex/latex/lm/omllmm.fd
File: omllmm.fd 2009/10/30 v1.6 Font defs for Latin Modern
)
LaTeX Font Info:    Trying to load font information for OMS+lmsy on input line 
72.
(/usr/local/texlive/2020/texmf-dist/tex/latex/lm/omslmsy.fd
File: omslmsy.fd 2009/10/30 v1.6 Font defs for Latin Modern
)
LaTeX Font Info:    Trying to load font information for OMX+lmex on input line 
72.
(/usr/local/texlive/2020/texmf-dist/tex/latex/lm/omxlmex.fd
File: omxlmex.fd 2009/10/30 v1.6 Font defs for Latin Modern
)
LaTeX Font Info:    External font `lmex10' loaded for size
(Font)              <12> on input line 72.
LaTeX Font Info:    External font `lmex10' loaded for size
(Font)              <8> on input line 72.
LaTeX Font Info:    External font `lmex10' loaded for size
(Font)              <6> on input line 72.
LaTeX Font Info:    Trying to load font information for U+msa on input line 72.

(/usr/local/texlive/2020/texmf-dist/tex/latex/amsfonts/umsa.fd
File: umsa.fd 2013/01/14 v3.01 AMS symbols A
) (/usr/local/texlive/2020/texmf-dist/tex/latex/microtype/mt-msa.cfg
File: mt-msa.cfg 2006/02/04 v1.1 microtype config. file: AMS symbols (a) (RS)
)
LaTeX Font Info:    Trying to load font information for U+msb on input line 72.

(/usr/local/texlive/2020/texmf-dist/tex/latex/amsfonts/umsb.fd
File: umsb.fd 2013/01/14 v3.01 AMS symbols B
) (/usr/local/texlive/2020/texmf-dist/tex/latex/microtype/mt-msb.cfg
File: mt-msb.cfg 2005/06/01 v1.0 microtype config. file: AMS symbols (b) (RS)
) (./CountrySummary.toc)
\tf@toc=\write3
\openout3 = `CountrySummary.toc'.

</Users/alanamcgovern/Desktop/UN_Estimates/UN-Subnational-Estimates/Results/Gui
nea/Figures/ShapeCheck/Guinea_adm1_neighb.pdf, id=9, 289.08pt x 289.08pt>
File: /Users/alanamcgovern/Desktop/UN_Estimates/UN-Subnational-Estimates/Result
s/Guinea/Figures/ShapeCheck/Guinea_adm1_neighb.pdf Graphic file (type pdf)
<use /Users/alanamcgovern/Desktop/UN_Estimates/UN-Subnational-Estimates/Results
/Guinea/Figures/ShapeCheck/Guinea_adm1_neighb.pdf>
Package pdftex.def Info: /Users/alanamcgovern/Desktop/UN_Estimates/UN-Subnation
al-Estimates/Results/Guinea/Figures/ShapeCheck/Guinea_adm1_neighb.pdf  used on 
input line 94.
(pdftex.def)             Requested size: 289.09251pt x 289.09251pt.
</Users/alanamcgovern/Desktop/UN_Estimates/UN-Subnational-Estimates/Results/Gui
nea/Figures/ShapeCheck/Guinea_adm2_neighb.pdf, id=10, 289.08pt x 289.08pt>
File: /Users/alanamcgovern/Desktop/UN_Estimates/UN-Subnational-Estimates/Result
s/Guinea/Figures/ShapeCheck/Guinea_adm2_neighb.pdf Graphic file (type pdf)
<use /Users/alanamcgovern/Desktop/UN_Estimates/UN-Subnational-Estimates/Results
/Guinea/Figures/ShapeCheck/Guinea_adm2_neighb.pdf>
Package pdftex.def Info: /Users/alanamcgovern/Desktop/UN_Estimates/UN-Subnation
al-Estimates/Results/Guinea/Figures/ShapeCheck/Guinea_adm2_neighb.pdf  used on 
input line 95.
(pdftex.def)             Requested size: 289.09251pt x 289.09251pt.
[1

{/usr/local/texlive/2020/texmf-var/fonts/map/pdftex/updmap/pdftex.map}] [2 </Us
ers/alanamcgovern/Desktop/UN_Estimates/UN-Subnational-Estimates/Results/Guinea/
Figures/ShapeCheck/Guinea_adm1_neighb.pdf> </Users/alanamcgovern/Desktop/UN_Est
imates/UN-Subnational-Estimates/Results/Guinea/Figures/ShapeCheck/Guinea_adm2_n
eighb.pdf>]
</Users/alanamcgovern/Desktop/UN_Estimates/UN-Subnational-Estimates/Results/Gui
nea/Figures/Betabinomial/U5MR/map/Guinea_adm2_strat_u5_2020.pdf, id=38, 252.945
pt x 252.945pt>
File: /Users/alanamcgovern/Desktop/UN_Estimates/UN-Subnational-Estimates/Result
s/Guinea/Figures/Betabinomial/U5MR/map/Guinea_adm2_strat_u5_2020.pdf Graphic fi
le (type pdf)
<use /Users/alanamcgovern/Desktop/UN_Estimates/UN-Subnational-Estimates/Results
/Guinea/Figures/Betabinomial/U5MR/map/Guinea_adm2_strat_u5_2020.pdf>
Package pdftex.def Info: /Users/alanamcgovern/Desktop/UN_Estimates/UN-Subnation
al-Estimates/Results/Guinea/Figures/Betabinomial/U5MR/map/Guinea_adm2_strat_u5_
2020.pdf  used on input line 102.
(pdftex.def)             Requested size: 252.94823pt x 252.94823pt.
</Users/alanamcgovern/Desktop/UN_Estimates/UN-Subnational-Estimates/Results/Gui
nea/Figures/Betabinomial/U5MR/tcp/Guinea_adm2_strat_u5_Y2020_K2_measuremap.pdf,
 id=39, 578.16pt x 578.16pt>
File: /Users/alanamcgovern/Desktop/UN_Estimates/UN-Subnational-Estimates/Result
s/Guinea/Figures/Betabinomial/U5MR/tcp/Guinea_adm2_strat_u5_Y2020_K2_measuremap
.pdf Graphic file (type pdf)
<use /Users/alanamcgovern/Desktop/UN_Estimates/UN-Subnational-Estimates/Results
/Guinea/Figures/Betabinomial/U5MR/tcp/Guinea_adm2_strat_u5_Y2020_K2_measuremap.
pdf>
Package pdftex.def Info: /Users/alanamcgovern/Desktop/UN_Estimates/UN-Subnation
al-Estimates/Results/Guinea/Figures/Betabinomial/U5MR/tcp/Guinea_adm2_strat_u5_
Y2020_K2_measuremap.pdf  used on input line 107.
(pdftex.def)             Requested size: 252.94437pt x 252.94437pt.
</Users/alanamcgovern/Desktop/UN_Estimates/UN-Subnational-Estimates/Results/Gui
nea/Figures/Betabinomial/U5MR/tcp/Guinea_adm2_strat_u5_Y2020_K3_measuremap.pdf,
 id=40, 578.16pt x 578.16pt>
File: /Users/alanamcgovern/Desktop/UN_Estimates/UN-Subnational-Estimates/Result
s/Guinea/Figures/Betabinomial/U5MR/tcp/Guinea_adm2_strat_u5_Y2020_K3_measuremap
.pdf Graphic file (type pdf)
<use /Users/alanamcgovern/Desktop/UN_Estimates/UN-Subnational-Estimates/Results
/Guinea/Figures/Betabinomial/U5MR/tcp/Guinea_adm2_strat_u5_Y2020_K3_measuremap.
pdf>
Package pdftex.def Info: /Users/alanamcgovern/Desktop/UN_Estimates/UN-Subnation
al-Estimates/Results/Guinea/Figures/Betabinomial/U5MR/tcp/Guinea_adm2_strat_u5_
Y2020_K3_measuremap.pdf  used on input line 108.
(pdftex.def)             Requested size: 252.94437pt x 252.94437pt.
[3

 </Users/alanamcgovern/Desktop/UN_Estimates/UN-Subnational-Estimates/Results/Gu
inea/Figures/Betabinomial/U5MR/map/Guinea_adm2_strat_u5_2020.pdf>] [4 </Users/a
lanamcgovern/Desktop/UN_Estimates/UN-Subnational-Estimates/Results/Guinea/Figur
es/Betabinomial/U5MR/tcp/Guinea_adm2_strat_u5_Y2020_K2_measuremap.pdf> </Users/
alanamcgovern/Desktop/UN_Estimates/UN-Subnational-Estimates/Results/Guinea/Figu
res/Betabinomial/U5MR/tcp/Guinea_adm2_strat_u5_Y2020_K3_measuremap.pdf>]
</Users/alanamcgovern/Desktop/UN_Estimates/UN-Subnational-Estimates/Results/Gui
nea/Figures/Betabinomial/U5MR/map/Guinea_adm2_strat_u5_someyearsMedian.pdf, id=
69, 505.89pt x 505.89pt>
File: /Users/alanamcgovern/Desktop/UN_Estimates/UN-Subnational-Estimates/Result
s/Guinea/Figures/Betabinomial/U5MR/map/Guinea_adm2_strat_u5_someyearsMedian.pdf
 Graphic file (type pdf)
<use /Users/alanamcgovern/Desktop/UN_Estimates/UN-Subnational-Estimates/Results
/Guinea/Figures/Betabinomial/U5MR/map/Guinea_adm2_strat_u5_someyearsMedian.pdf>

Package pdftex.def Info: /Users/alanamcgovern/Desktop/UN_Estimates/UN-Subnation
al-Estimates/Results/Guinea/Figures/Betabinomial/U5MR/map/Guinea_adm2_strat_u5_
someyearsMedian.pdf  used on input line 115.
(pdftex.def)             Requested size: 469.76265pt x 469.76265pt.
[5

 </Users/alanamcgovern/Desktop/UN_Estimates/UN-Subnational-Estimates/Results/Gu
inea/Figures/Betabinomial/U5MR/map/Guinea_adm2_strat_u5_someyearsMedian.pdf>]
</Users/alanamcgovern/Desktop/UN_Estimates/UN-Subnational-Estimates/Results/Gui
nea/Figures/Betabinomial/U5MR/trend/Guinea_adm1_strat_u5.pdf, id=81, 433.62pt x
 433.62pt>
File: /Users/alanamcgovern/Desktop/UN_Estimates/UN-Subnational-Estimates/Result
s/Guinea/Figures/Betabinomial/U5MR/trend/Guinea_adm1_strat_u5.pdf Graphic file 
(type pdf)
<use /Users/alanamcgovern/Desktop/UN_Estimates/UN-Subnational-Estimates/Results
/Guinea/Figures/Betabinomial/U5MR/trend/Guinea_adm1_strat_u5.pdf>
Package pdftex.def Info: /Users/alanamcgovern/Desktop/UN_Estimates/UN-Subnation
al-Estimates/Results/Guinea/Figures/Betabinomial/U5MR/trend/Guinea_adm1_strat_u
5.pdf  used on input line 120.
(pdftex.def)             Requested size: 433.63878pt x 433.63878pt.
File: /Users/alanamcgovern/Desktop/UN_Estimates/UN-Subnational-Estimates/Result
s/Guinea/Figures/Betabinomial/U5MR/trend/Guinea_adm1_strat_u5.pdf Graphic file 
(type pdf)
<use /Users/alanamcgovern/Desktop/UN_Estimates/UN-Subnational-Estimates/Results
/Guinea/Figures/Betabinomial/U5MR/trend/Guinea_adm1_strat_u5.pdf>
Package pdftex.def Info: /Users/alanamcgovern/Desktop/UN_Estimates/UN-Subnation
al-Estimates/Results/Guinea/Figures/Betabinomial/U5MR/trend/Guinea_adm1_strat_u
5.pdf  used on input line 120.
(pdftex.def)             Requested size: 433.63878pt x 433.63878pt.
</Users/alanamcgovern/Desktop/UN_Estimates/UN-Subnational-Estimates/Results/Gui
nea/Figures/Betabinomial/U5MR/trend/Guinea_adm1_strat_u5.pdf, id=84, page=1, 43
3.62pt x 433.62pt>
File: /Users/alanamcgovern/Desktop/UN_Estimates/UN-Subnational-Estimates/Result
s/Guinea/Figures/Betabinomial/U5MR/trend/Guinea_adm1_strat_u5.pdf Graphic file 
(type pdf)
<use /Users/alanamcgovern/Desktop/UN_Estimates/UN-Subnational-Estimates/Results
/Guinea/Figures/Betabinomial/U5MR/trend/Guinea_adm1_strat_u5.pdf, page 1>
Package pdftex.def Info: /Users/alanamcgovern/Desktop/UN_Estimates/UN-Subnation
al-Estimates/Results/Guinea/Figures/Betabinomial/U5MR/trend/Guinea_adm1_strat_u
5.pdf , page1 used on input line 120.
(pdftex.def)             Requested size: 433.61894pt x 433.61894pt.
File: /Users/alanamcgovern/Desktop/UN_Estimates/UN-Subnational-Estimates/Result
s/Guinea/Figures/Betabinomial/U5MR/trend/Guinea_adm1_strat_u5.pdf Graphic file 
(type pdf)
<use /Users/alanamcgovern/Desktop/UN_Estimates/UN-Subnational-Estimates/Results
/Guinea/Figures/Betabinomial/U5MR/trend/Guinea_adm1_strat_u5.pdf, page 1>
Package pdftex.def Info: /Users/alanamcgovern/Desktop/UN_Estimates/UN-Subnation
al-Estimates/Results/Guinea/Figures/Betabinomial/U5MR/trend/Guinea_adm1_strat_u
5.pdf , page1 used on input line 120.
(pdftex.def)             Requested size: 615.16908pt x 615.16908pt.
File: /Users/alanamcgovern/Desktop/UN_Estimates/UN-Subnational-Estimates/Result
s/Guinea/Figures/Betabinomial/U5MR/trend/Guinea_adm1_strat_u5.pdf Graphic file 
(type pdf)
<use /Users/alanamcgovern/Desktop/UN_Estimates/UN-Subnational-Estimates/Results
/Guinea/Figures/Betabinomial/U5MR/trend/Guinea_adm1_strat_u5.pdf, page 1>
Package pdftex.def Info: /Users/alanamcgovern/Desktop/UN_Estimates/UN-Subnation
al-Estimates/Results/Guinea/Figures/Betabinomial/U5MR/trend/Guinea_adm1_strat_u
5.pdf , page1 used on input line 120.
(pdftex.def)             Requested size: 615.16908pt x 615.16908pt.
File: /Users/alanamcgovern/Desktop/UN_Estimates/UN-Subnational-Estimates/Result
s/Guinea/Figures/Betabinomial/U5MR/trend/Guinea_adm1_strat_u5.pdf Graphic file 
(type pdf)
<use /Users/alanamcgovern/Desktop/UN_Estimates/UN-Subnational-Estimates/Results
/Guinea/Figures/Betabinomial/U5MR/trend/Guinea_adm1_strat_u5.pdf, page 1>
Package pdftex.def Info: /Users/alanamcgovern/Desktop/UN_Estimates/UN-Subnation
al-Estimates/Results/Guinea/Figures/Betabinomial/U5MR/trend/Guinea_adm1_strat_u
5.pdf , page1 used on input line 120.
(pdftex.def)             Requested size: 615.16908pt x 615.16908pt.
File: /Users/alanamcgovern/Desktop/UN_Estimates/UN-Subnational-Estimates/Result
s/Guinea/Figures/Betabinomial/U5MR/trend/Guinea_adm1_strat_u5.pdf Graphic file 
(type pdf)
<use /Users/alanamcgovern/Desktop/UN_Estimates/UN-Subnational-Estimates/Results
/Guinea/Figures/Betabinomial/U5MR/trend/Guinea_adm1_strat_u5.pdf, page 1>
Package pdftex.def Info: /Users/alanamcgovern/Desktop/UN_Estimates/UN-Subnation
al-Estimates/Results/Guinea/Figures/Betabinomial/U5MR/trend/Guinea_adm1_strat_u
5.pdf , page1 used on input line 120.
(pdftex.def)             Requested size: 615.16908pt x 615.16908pt.
[6

 </Users/alanamcgovern/Desktop/UN_Estimates/UN-Subnational-Estimates/Results/Gu
inea/Figures/Betabinomial/U5MR/trend/Guinea_adm1_strat_u5.pdf>]
</Users/alanamcgovern/Desktop/UN_Estimates/UN-Subnational-Estimates/Results/Gui
nea/Figures/Betabinomial/U5MR/trend/Guinea_adm2_strat_u5.pdf, id=95, 433.62pt x
 433.62pt>
File: /Users/alanamcgovern/Desktop/UN_Estimates/UN-Subnational-Estimates/Result
s/Guinea/Figures/Betabinomial/U5MR/trend/Guinea_adm2_strat_u5.pdf Graphic file 
(type pdf)
<use /Users/alanamcgovern/Desktop/UN_Estimates/UN-Subnational-Estimates/Results
/Guinea/Figures/Betabinomial/U5MR/trend/Guinea_adm2_strat_u5.pdf>
Package pdftex.def Info: /Users/alanamcgovern/Desktop/UN_Estimates/UN-Subnation
al-Estimates/Results/Guinea/Figures/Betabinomial/U5MR/trend/Guinea_adm2_strat_u
5.pdf  used on input line 122.
(pdftex.def)             Requested size: 433.63878pt x 433.63878pt.
File: /Users/alanamcgovern/Desktop/UN_Estimates/UN-Subnational-Estimates/Result
s/Guinea/Figures/Betabinomial/U5MR/trend/Guinea_adm2_strat_u5.pdf Graphic file 
(type pdf)
<use /Users/alanamcgovern/Desktop/UN_Estimates/UN-Subnational-Estimates/Results
/Guinea/Figures/Betabinomial/U5MR/trend/Guinea_adm2_strat_u5.pdf>
Package pdftex.def Info: /Users/alanamcgovern/Desktop/UN_Estimates/UN-Subnation
al-Estimates/Results/Guinea/Figures/Betabinomial/U5MR/trend/Guinea_adm2_strat_u
5.pdf  used on input line 122.
(pdftex.def)             Requested size: 433.63878pt x 433.63878pt.
</Users/alanamcgovern/Desktop/UN_Estimates/UN-Subnational-Estimates/Results/Gui
nea/Figures/Betabinomial/U5MR/trend/Guinea_adm2_strat_u5.pdf, id=98, page=1, 43
3.62pt x 433.62pt>
File: /Users/alanamcgovern/Desktop/UN_Estimates/UN-Subnational-Estimates/Result
s/Guinea/Figures/Betabinomial/U5MR/trend/Guinea_adm2_strat_u5.pdf Graphic file 
(type pdf)
<use /Users/alanamcgovern/Desktop/UN_Estimates/UN-Subnational-Estimates/Results
/Guinea/Figures/Betabinomial/U5MR/trend/Guinea_adm2_strat_u5.pdf, page 1>
Package pdftex.def Info: /Users/alanamcgovern/Desktop/UN_Estimates/UN-Subnation
al-Estimates/Results/Guinea/Figures/Betabinomial/U5MR/trend/Guinea_adm2_strat_u
5.pdf , page1 used on input line 122.
(pdftex.def)             Requested size: 433.61894pt x 433.61894pt.
File: /Users/alanamcgovern/Desktop/UN_Estimates/UN-Subnational-Estimates/Result
s/Guinea/Figures/Betabinomial/U5MR/trend/Guinea_adm2_strat_u5.pdf Graphic file 
(type pdf)
<use /Users/alanamcgovern/Desktop/UN_Estimates/UN-Subnational-Estimates/Results
/Guinea/Figures/Betabinomial/U5MR/trend/Guinea_adm2_strat_u5.pdf, page 1>
Package pdftex.def Info: /Users/alanamcgovern/Desktop/UN_Estimates/UN-Subnation
al-Estimates/Results/Guinea/Figures/Betabinomial/U5MR/trend/Guinea_adm2_strat_u
5.pdf , page1 used on input line 122.
(pdftex.def)             Requested size: 615.16908pt x 615.16908pt.
File: /Users/alanamcgovern/Desktop/UN_Estimates/UN-Subnational-Estimates/Result
s/Guinea/Figures/Betabinomial/U5MR/trend/Guinea_adm2_strat_u5.pdf Graphic file 
(type pdf)
<use /Users/alanamcgovern/Desktop/UN_Estimates/UN-Subnational-Estimates/Results
/Guinea/Figures/Betabinomial/U5MR/trend/Guinea_adm2_strat_u5.pdf, page 1>
Package pdftex.def Info: /Users/alanamcgovern/Desktop/UN_Estimates/UN-Subnation
al-Estimates/Results/Guinea/Figures/Betabinomial/U5MR/trend/Guinea_adm2_strat_u
5.pdf , page1 used on input line 122.
(pdftex.def)             Requested size: 615.16908pt x 615.16908pt.
File: /Users/alanamcgovern/Desktop/UN_Estimates/UN-Subnational-Estimates/Result
s/Guinea/Figures/Betabinomial/U5MR/trend/Guinea_adm2_strat_u5.pdf Graphic file 
(type pdf)
<use /Users/alanamcgovern/Desktop/UN_Estimates/UN-Subnational-Estimates/Results
/Guinea/Figures/Betabinomial/U5MR/trend/Guinea_adm2_strat_u5.pdf, page 1>
Package pdftex.def Info: /Users/alanamcgovern/Desktop/UN_Estimates/UN-Subnation
al-Estimates/Results/Guinea/Figures/Betabinomial/U5MR/trend/Guinea_adm2_strat_u
5.pdf , page1 used on input line 122.
(pdftex.def)             Requested size: 615.16908pt x 615.16908pt.
File: /Users/alanamcgovern/Desktop/UN_Estimates/UN-Subnational-Estimates/Result
s/Guinea/Figures/Betabinomial/U5MR/trend/Guinea_adm2_strat_u5.pdf Graphic file 
(type pdf)
<use /Users/alanamcgovern/Desktop/UN_Estimates/UN-Subnational-Estimates/Results
/Guinea/Figures/Betabinomial/U5MR/trend/Guinea_adm2_strat_u5.pdf, page 1>
Package pdftex.def Info: /Users/alanamcgovern/Desktop/UN_Estimates/UN-Subnation
al-Estimates/Results/Guinea/Figures/Betabinomial/U5MR/trend/Guinea_adm2_strat_u
5.pdf , page1 used on input line 122.
(pdftex.def)             Requested size: 615.16908pt x 615.16908pt.
[7 </Users/alanamcgovern/Desktop/UN_Estimates/UN-Subnational-Estimates/Results/
Guinea/Figures/Betabinomial/U5MR/trend/Guinea_adm2_strat_u5.pdf>]
</Users/alanamcgovern/Desktop/UN_Estimates/UN-Subnational-Estimates/Results/Gui
nea/Figures/Betabinomial/U5MR/ridge/Guinea_adm2_strat_u5_2020_ridgeplot.pdf, id
=110, 433.62pt x 505.89pt>
File: /Users/alanamcgovern/Desktop/UN_Estimates/UN-Subnational-Estimates/Result
s/Guinea/Figures/Betabinomial/U5MR/ridge/Guinea_adm2_strat_u5_2020_ridgeplot.pd
f Graphic file (type pdf)
<use /Users/alanamcgovern/Desktop/UN_Estimates/UN-Subnational-Estimates/Results
/Guinea/Figures/Betabinomial/U5MR/ridge/Guinea_adm2_strat_u5_2020_ridgeplot.pdf
>
Package pdftex.def Info: /Users/alanamcgovern/Desktop/UN_Estimates/UN-Subnation
al-Estimates/Results/Guinea/Figures/Betabinomial/U5MR/ridge/Guinea_adm2_strat_u
5_2020_ridgeplot.pdf  used on input line 126.
(pdftex.def)             Requested size: 433.62555pt x 505.89645pt.
[8 </Users/alanamcgovern/Desktop/UN_Estimates/UN-Subnational-Estimates/Results/
Guinea/Figures/Betabinomial/U5MR/ridge/Guinea_adm2_strat_u5_2020_ridgeplot.pdf>
]
</Users/alanamcgovern/Desktop/UN_Estimates/UN-Subnational-Estimates/Results/Gui
nea/Figures/Betabinomial/U5MR/heatmap/Guinea_adm2_strat_u5_heatmap.pdf, id=121,
 505.89pt x 505.89pt>
File: /Users/alanamcgovern/Desktop/UN_Estimates/UN-Subnational-Estimates/Result
s/Guinea/Figures/Betabinomial/U5MR/heatmap/Guinea_adm2_strat_u5_heatmap.pdf Gra
phic file (type pdf)
<use /Users/alanamcgovern/Desktop/UN_Estimates/UN-Subnational-Estimates/Results
/Guinea/Figures/Betabinomial/U5MR/heatmap/Guinea_adm2_strat_u5_heatmap.pdf>
Package pdftex.def Info: /Users/alanamcgovern/Desktop/UN_Estimates/UN-Subnation
al-Estimates/Results/Guinea/Figures/Betabinomial/U5MR/heatmap/Guinea_adm2_strat
_u5_heatmap.pdf  used on input line 131.
(pdftex.def)             Requested size: 469.76265pt x 469.76265pt.
File: /Users/alanamcgovern/Desktop/UN_Estimates/UN-Subnational-Estimates/Result
s/Guinea/Figures/Betabinomial/U5MR/heatmap/Guinea_adm2_strat_u5_heatmap.pdf Gra
phic file (type pdf)
<use /Users/alanamcgovern/Desktop/UN_Estimates/UN-Subnational-Estimates/Results
/Guinea/Figures/Betabinomial/U5MR/heatmap/Guinea_adm2_strat_u5_heatmap.pdf>
Package pdftex.def Info: /Users/alanamcgovern/Desktop/UN_Estimates/UN-Subnation
al-Estimates/Results/Guinea/Figures/Betabinomial/U5MR/heatmap/Guinea_adm2_strat
_u5_heatmap.pdf  used on input line 131.
(pdftex.def)             Requested size: 469.76265pt x 469.76265pt.
</Users/alanamcgovern/Desktop/UN_Estimates/UN-Subnational-Estimates/Results/Gui
nea/Figures/Betabinomial/U5MR/heatmap/Guinea_adm2_strat_u5_heatmap.pdf, id=124,
 page=1, 505.89pt x 505.89pt>
File: /Users/alanamcgovern/Desktop/UN_Estimates/UN-Subnational-Estimates/Result
s/Guinea/Figures/Betabinomial/U5MR/heatmap/Guinea_adm2_strat_u5_heatmap.pdf Gra
phic file (type pdf)
<use /Users/alanamcgovern/Desktop/UN_Estimates/UN-Subnational-Estimates/Results
/Guinea/Figures/Betabinomial/U5MR/heatmap/Guinea_adm2_strat_u5_heatmap.pdf, pag
e 1>
Package pdftex.def Info: /Users/alanamcgovern/Desktop/UN_Estimates/UN-Subnation
al-Estimates/Results/Guinea/Figures/Betabinomial/U5MR/heatmap/Guinea_adm2_strat
_u5_heatmap.pdf , page1 used on input line 131.
(pdftex.def)             Requested size: 505.88875pt x 505.88875pt.
File: /Users/alanamcgovern/Desktop/UN_Estimates/UN-Subnational-Estimates/Result
s/Guinea/Figures/Betabinomial/U5MR/heatmap/Guinea_adm2_strat_u5_heatmap.pdf Gra
phic file (type pdf)
<use /Users/alanamcgovern/Desktop/UN_Estimates/UN-Subnational-Estimates/Results
/Guinea/Figures/Betabinomial/U5MR/heatmap/Guinea_adm2_strat_u5_heatmap.pdf, pag
e 1>
Package pdftex.def Info: /Users/alanamcgovern/Desktop/UN_Estimates/UN-Subnation
al-Estimates/Results/Guinea/Figures/Betabinomial/U5MR/heatmap/Guinea_adm2_strat
_u5_heatmap.pdf , page1 used on input line 131.
(pdftex.def)             Requested size: 615.37086pt x 615.37086pt.
File: /Users/alanamcgovern/Desktop/UN_Estimates/UN-Subnational-Estimates/Result
s/Guinea/Figures/Betabinomial/U5MR/heatmap/Guinea_adm2_strat_u5_heatmap.pdf Gra
phic file (type pdf)
<use /Users/alanamcgovern/Desktop/UN_Estimates/UN-Subnational-Estimates/Results
/Guinea/Figures/Betabinomial/U5MR/heatmap/Guinea_adm2_strat_u5_heatmap.pdf, pag
e 1>
Package pdftex.def Info: /Users/alanamcgovern/Desktop/UN_Estimates/UN-Subnation
al-Estimates/Results/Guinea/Figures/Betabinomial/U5MR/heatmap/Guinea_adm2_strat
_u5_heatmap.pdf , page1 used on input line 131.
(pdftex.def)             Requested size: 615.37086pt x 615.37086pt.
File: /Users/alanamcgovern/Desktop/UN_Estimates/UN-Subnational-Estimates/Result
s/Guinea/Figures/Betabinomial/U5MR/heatmap/Guinea_adm2_strat_u5_heatmap.pdf Gra
phic file (type pdf)
<use /Users/alanamcgovern/Desktop/UN_Estimates/UN-Subnational-Estimates/Results
/Guinea/Figures/Betabinomial/U5MR/heatmap/Guinea_adm2_strat_u5_heatmap.pdf, pag
e 1>
Package pdftex.def Info: /Users/alanamcgovern/Desktop/UN_Estimates/UN-Subnation
al-Estimates/Results/Guinea/Figures/Betabinomial/U5MR/heatmap/Guinea_adm2_strat
_u5_heatmap.pdf , page1 used on input line 131.
(pdftex.def)             Requested size: 615.37086pt x 615.37086pt.
File: /Users/alanamcgovern/Desktop/UN_Estimates/UN-Subnational-Estimates/Result
s/Guinea/Figures/Betabinomial/U5MR/heatmap/Guinea_adm2_strat_u5_heatmap.pdf Gra
phic file (type pdf)
<use /Users/alanamcgovern/Desktop/UN_Estimates/UN-Subnational-Estimates/Results
/Guinea/Figures/Betabinomial/U5MR/heatmap/Guinea_adm2_strat_u5_heatmap.pdf, pag
e 1>
Package pdftex.def Info: /Users/alanamcgovern/Desktop/UN_Estimates/UN-Subnation
al-Estimates/Results/Guinea/Figures/Betabinomial/U5MR/heatmap/Guinea_adm2_strat
_u5_heatmap.pdf , page1 used on input line 131.
(pdftex.def)             Requested size: 615.37086pt x 615.37086pt.
[9

 </Users/alanamcgovern/Desktop/UN_Estimates/UN-Subnational-Estimates/Results/Gu
inea/Figures/Betabinomial/U5MR/heatmap/Guinea_adm2_strat_u5_heatmap.pdf>]
</Users/alanamcgovern/Desktop/UN_Estimates/UN-Subnational-Estimates/Results/Gui
nea/Figures/Betabinomial/U5MR/map/Guinea_adm2_strat_u5_median.pdf, id=135, 542.
025pt x 722.7pt>
File: /Users/alanamcgovern/Desktop/UN_Estimates/UN-Subnational-Estimates/Result
s/Guinea/Figures/Betabinomial/U5MR/map/Guinea_adm2_strat_u5_median.pdf Graphic 
file (type pdf)
<use /Users/alanamcgovern/Desktop/UN_Estimates/UN-Subnational-Estimates/Results
/Guinea/Figures/Betabinomial/U5MR/map/Guinea_adm2_strat_u5_median.pdf>
Package pdftex.def Info: /Users/alanamcgovern/Desktop/UN_Estimates/UN-Subnation
al-Estimates/Results/Guinea/Figures/Betabinomial/U5MR/map/Guinea_adm2_strat_u5_
median.pdf  used on input line 135.
(pdftex.def)             Requested size: 469.77148pt x 626.36198pt.

LaTeX Warning: Float too large for page by 0.43198pt on input line 137.

[10 </Users/alanamcgovern/Desktop/UN_Estimates/UN-Subnational-Estimates/Results
/Guinea/Figures/Betabinomial/U5MR/map/Guinea_adm2_strat_u5_median.pdf>]
LaTeX Font Info:    External font `lmex10' loaded for size
(Font)              <10> on input line 145.
LaTeX Font Info:    External font `lmex10' loaded for size
(Font)              <7> on input line 145.
LaTeX Font Info:    External font `lmex10' loaded for size
(Font)              <5> on input line 145.
[11

]
</Users/alanamcgovern/Desktop/UN_Estimates/UN-Subnational-Estimates/Results/Gui
nea/Figures/Summary/U5MR/Guinea_admin2_strat_u5_9per.pdf, id=154, 433.62pt x 65
0.43pt>
File: /Users/alanamcgovern/Desktop/UN_Estimates/UN-Subnational-Estimates/Result
s/Guinea/Figures/Summary/U5MR/Guinea_admin2_strat_u5_9per.pdf Graphic file (typ
e pdf)
<use /Users/alanamcgovern/Desktop/UN_Estimates/UN-Subnational-Estimates/Results
/Guinea/Figures/Summary/U5MR/Guinea_admin2_strat_u5_9per.pdf>
Package pdftex.def Info: /Users/alanamcgovern/Desktop/UN_Estimates/UN-Subnation
al-Estimates/Results/Guinea/Figures/Summary/U5MR/Guinea_admin2_strat_u5_9per.pd
f  used on input line 180.
(pdftex.def)             Requested size: 433.63878pt x 650.45818pt.
File: /Users/alanamcgovern/Desktop/UN_Estimates/UN-Subnational-Estimates/Result
s/Guinea/Figures/Summary/U5MR/Guinea_admin2_strat_u5_9per.pdf Graphic file (typ
e pdf)
<use /Users/alanamcgovern/Desktop/UN_Estimates/UN-Subnational-Estimates/Results
/Guinea/Figures/Summary/U5MR/Guinea_admin2_strat_u5_9per.pdf>
Package pdftex.def Info: /Users/alanamcgovern/Desktop/UN_Estimates/UN-Subnation
al-Estimates/Results/Guinea/Figures/Summary/U5MR/Guinea_admin2_strat_u5_9per.pd
f  used on input line 180.
(pdftex.def)             Requested size: 433.63878pt x 650.45818pt.
</Users/alanamcgovern/Desktop/UN_Estimates/UN-Subnational-Estimates/Results/Gui
nea/Figures/Summary/U5MR/Guinea_admin2_strat_u5_9per.pdf, id=157, page=1, 433.6
2pt x 650.43pt>
File: /Users/alanamcgovern/Desktop/UN_Estimates/UN-Subnational-Estimates/Result
s/Guinea/Figures/Summary/U5MR/Guinea_admin2_strat_u5_9per.pdf Graphic file (typ
e pdf)
<use /Users/alanamcgovern/Desktop/UN_Estimates/UN-Subnational-Estimates/Results
/Guinea/Figures/Summary/U5MR/Guinea_admin2_strat_u5_9per.pdf, page 1>
Package pdftex.def Info: /Users/alanamcgovern/Desktop/UN_Estimates/UN-Subnation
al-Estimates/Results/Guinea/Figures/Summary/U5MR/Guinea_admin2_strat_u5_9per.pd
f , page1 used on input line 180.
(pdftex.def)             Requested size: 433.61894pt x 650.4284pt.
File: /Users/alanamcgovern/Desktop/UN_Estimates/UN-Subnational-Estimates/Result
s/Guinea/Figures/Summary/U5MR/Guinea_admin2_strat_u5_9per.pdf Graphic file (typ
e pdf)
<use /Users/alanamcgovern/Desktop/UN_Estimates/UN-Subnational-Estimates/Results
/Guinea/Figures/Summary/U5MR/Guinea_admin2_strat_u5_9per.pdf, page 1>
Package pdftex.def Info: /Users/alanamcgovern/Desktop/UN_Estimates/UN-Subnation
al-Estimates/Results/Guinea/Figures/Summary/U5MR/Guinea_admin2_strat_u5_9per.pd
f , page1 used on input line 180.
(pdftex.def)             Requested size: 530.3257pt x 795.48854pt.
[12

]
File: /Users/alanamcgovern/Desktop/UN_Estimates/UN-Subnational-Estimates/Result
s/Guinea/Figures/Summary/U5MR/Guinea_admin2_strat_u5_9per.pdf Graphic file (typ
e pdf)
<use /Users/alanamcgovern/Desktop/UN_Estimates/UN-Subnational-Estimates/Results
/Guinea/Figures/Summary/U5MR/Guinea_admin2_strat_u5_9per.pdf, page 1>
Package pdftex.def Info: /Users/alanamcgovern/Desktop/UN_Estimates/UN-Subnation
al-Estimates/Results/Guinea/Figures/Summary/U5MR/Guinea_admin2_strat_u5_9per.pd
f , page1 used on input line 180.
(pdftex.def)             Requested size: 530.3257pt x 795.48854pt.
File: /Users/alanamcgovern/Desktop/UN_Estimates/UN-Subnational-Estimates/Result
s/Guinea/Figures/Summary/U5MR/Guinea_admin2_strat_u5_9per.pdf Graphic file (typ
e pdf)
<use /Users/alanamcgovern/Desktop/UN_Estimates/UN-Subnational-Estimates/Results
/Guinea/Figures/Summary/U5MR/Guinea_admin2_strat_u5_9per.pdf, page 1>
Package pdftex.def Info: /Users/alanamcgovern/Desktop/UN_Estimates/UN-Subnation
al-Estimates/Results/Guinea/Figures/Summary/U5MR/Guinea_admin2_strat_u5_9per.pd
f , page1 used on input line 180.
(pdftex.def)             Requested size: 530.3257pt x 795.48854pt.
File: /Users/alanamcgovern/Desktop/UN_Estimates/UN-Subnational-Estimates/Result
s/Guinea/Figures/Summary/U5MR/Guinea_admin2_strat_u5_9per.pdf Graphic file (typ
e pdf)
<use /Users/alanamcgovern/Desktop/UN_Estimates/UN-Subnational-Estimates/Results
/Guinea/Figures/Summary/U5MR/Guinea_admin2_strat_u5_9per.pdf, page 1>
Package pdftex.def Info: /Users/alanamcgovern/Desktop/UN_Estimates/UN-Subnation
al-Estimates/Results/Guinea/Figures/Summary/U5MR/Guinea_admin2_strat_u5_9per.pd
f , page1 used on input line 180.
(pdftex.def)             Requested size: 530.3257pt x 795.48854pt.
[13 </Users/alanamcgovern/Desktop/UN_Estimates/UN-Subnational-Estimates/Results
/Guinea/Figures/Summary/U5MR/Guinea_admin2_strat_u5_9per.pdf>]
</Users/alanamcgovern/Desktop/UN_Estimates/UN-Subnational-Estimates/Results/Gui
nea/Figures/Summary/U5MR/Guinea_admin2_strat_u5_9per.pdf, id=180, page=2, 433.6
2pt x 650.43pt>
File: /Users/alanamcgovern/Desktop/UN_Estimates/UN-Subnational-Estimates/Result
s/Guinea/Figures/Summary/U5MR/Guinea_admin2_strat_u5_9per.pdf Graphic file (typ
e pdf)
<use /Users/alanamcgovern/Desktop/UN_Estimates/UN-Subnational-Estimates/Results
/Guinea/Figures/Summary/U5MR/Guinea_admin2_strat_u5_9per.pdf, page 2>
Package pdftex.def Info: /Users/alanamcgovern/Desktop/UN_Estimates/UN-Subnation
al-Estimates/Results/Guinea/Figures/Summary/U5MR/Guinea_admin2_strat_u5_9per.pd
f , page2 used on input line 180.
(pdftex.def)             Requested size: 530.3257pt x 795.48854pt.
File: /Users/alanamcgovern/Desktop/UN_Estimates/UN-Subnational-Estimates/Result
s/Guinea/Figures/Summary/U5MR/Guinea_admin2_strat_u5_9per.pdf Graphic file (typ
e pdf)
<use /Users/alanamcgovern/Desktop/UN_Estimates/UN-Subnational-Estimates/Results
/Guinea/Figures/Summary/U5MR/Guinea_admin2_strat_u5_9per.pdf, page 2>
Package pdftex.def Info: /Users/alanamcgovern/Desktop/UN_Estimates/UN-Subnation
al-Estimates/Results/Guinea/Figures/Summary/U5MR/Guinea_admin2_strat_u5_9per.pd
f , page2 used on input line 180.
(pdftex.def)             Requested size: 530.3257pt x 795.48854pt.
File: /Users/alanamcgovern/Desktop/UN_Estimates/UN-Subnational-Estimates/Result
s/Guinea/Figures/Summary/U5MR/Guinea_admin2_strat_u5_9per.pdf Graphic file (typ
e pdf)
<use /Users/alanamcgovern/Desktop/UN_Estimates/UN-Subnational-Estimates/Results
/Guinea/Figures/Summary/U5MR/Guinea_admin2_strat_u5_9per.pdf, page 2>
Package pdftex.def Info: /Users/alanamcgovern/Desktop/UN_Estimates/UN-Subnation
al-Estimates/Results/Guinea/Figures/Summary/U5MR/Guinea_admin2_strat_u5_9per.pd
f , page2 used on input line 180.
(pdftex.def)             Requested size: 530.3257pt x 795.48854pt.
[14 </Users/alanamcgovern/Desktop/UN_Estimates/UN-Subnational-Estimates/Results
/Guinea/Figures/Summary/U5MR/Guinea_admin2_strat_u5_9per.pdf>]
</Users/alanamcgovern/Desktop/UN_Estimates/UN-Subnational-Estimates/Results/Gui
nea/Figures/Summary/U5MR/Guinea_admin2_strat_u5_9per.pdf, id=185, page=3, 433.6
2pt x 650.43pt>
File: /Users/alanamcgovern/Desktop/UN_Estimates/UN-Subnational-Estimates/Result
s/Guinea/Figures/Summary/U5MR/Guinea_admin2_strat_u5_9per.pdf Graphic file (typ
e pdf)
<use /Users/alanamcgovern/Desktop/UN_Estimates/UN-Subnational-Estimates/Results
/Guinea/Figures/Summary/U5MR/Guinea_admin2_strat_u5_9per.pdf, page 3>
Package pdftex.def Info: /Users/alanamcgovern/Desktop/UN_Estimates/UN-Subnation
al-Estimates/Results/Guinea/Figures/Summary/U5MR/Guinea_admin2_strat_u5_9per.pd
f , page3 used on input line 180.
(pdftex.def)             Requested size: 530.3257pt x 795.48854pt.
File: /Users/alanamcgovern/Desktop/UN_Estimates/UN-Subnational-Estimates/Result
s/Guinea/Figures/Summary/U5MR/Guinea_admin2_strat_u5_9per.pdf Graphic file (typ
e pdf)
<use /Users/alanamcgovern/Desktop/UN_Estimates/UN-Subnational-Estimates/Results
/Guinea/Figures/Summary/U5MR/Guinea_admin2_strat_u5_9per.pdf, page 3>
Package pdftex.def Info: /Users/alanamcgovern/Desktop/UN_Estimates/UN-Subnation
al-Estimates/Results/Guinea/Figures/Summary/U5MR/Guinea_admin2_strat_u5_9per.pd
f , page3 used on input line 180.
(pdftex.def)             Requested size: 530.3257pt x 795.48854pt.
File: /Users/alanamcgovern/Desktop/UN_Estimates/UN-Subnational-Estimates/Result
s/Guinea/Figures/Summary/U5MR/Guinea_admin2_strat_u5_9per.pdf Graphic file (typ
e pdf)
<use /Users/alanamcgovern/Desktop/UN_Estimates/UN-Subnational-Estimates/Results
/Guinea/Figures/Summary/U5MR/Guinea_admin2_strat_u5_9per.pdf, page 3>
Package pdftex.def Info: /Users/alanamcgovern/Desktop/UN_Estimates/UN-Subnation
al-Estimates/Results/Guinea/Figures/Summary/U5MR/Guinea_admin2_strat_u5_9per.pd
f , page3 used on input line 180.
(pdftex.def)             Requested size: 530.3257pt x 795.48854pt.
[15 </Users/alanamcgovern/Desktop/UN_Estimates/UN-Subnational-Estimates/Results
/Guinea/Figures/Summary/U5MR/Guinea_admin2_strat_u5_9per.pdf>]
</Users/alanamcgovern/Desktop/UN_Estimates/UN-Subnational-Estimates/Results/Gui
nea/Figures/Summary/U5MR/Guinea_admin2_strat_u5_9per.pdf, id=190, page=4, 433.6
2pt x 650.43pt>
File: /Users/alanamcgovern/Desktop/UN_Estimates/UN-Subnational-Estimates/Result
s/Guinea/Figures/Summary/U5MR/Guinea_admin2_strat_u5_9per.pdf Graphic file (typ
e pdf)
<use /Users/alanamcgovern/Desktop/UN_Estimates/UN-Subnational-Estimates/Results
/Guinea/Figures/Summary/U5MR/Guinea_admin2_strat_u5_9per.pdf, page 4>
Package pdftex.def Info: /Users/alanamcgovern/Desktop/UN_Estimates/UN-Subnation
al-Estimates/Results/Guinea/Figures/Summary/U5MR/Guinea_admin2_strat_u5_9per.pd
f , page4 used on input line 180.
(pdftex.def)             Requested size: 530.3257pt x 795.48854pt.
File: /Users/alanamcgovern/Desktop/UN_Estimates/UN-Subnational-Estimates/Result
s/Guinea/Figures/Summary/U5MR/Guinea_admin2_strat_u5_9per.pdf Graphic file (typ
e pdf)
<use /Users/alanamcgovern/Desktop/UN_Estimates/UN-Subnational-Estimates/Results
/Guinea/Figures/Summary/U5MR/Guinea_admin2_strat_u5_9per.pdf, page 4>
Package pdftex.def Info: /Users/alanamcgovern/Desktop/UN_Estimates/UN-Subnation
al-Estimates/Results/Guinea/Figures/Summary/U5MR/Guinea_admin2_strat_u5_9per.pd
f , page4 used on input line 180.
(pdftex.def)             Requested size: 530.3257pt x 795.48854pt.
File: /Users/alanamcgovern/Desktop/UN_Estimates/UN-Subnational-Estimates/Result
s/Guinea/Figures/Summary/U5MR/Guinea_admin2_strat_u5_9per.pdf Graphic file (typ
e pdf)
<use /Users/alanamcgovern/Desktop/UN_Estimates/UN-Subnational-Estimates/Results
/Guinea/Figures/Summary/U5MR/Guinea_admin2_strat_u5_9per.pdf, page 4>
Package pdftex.def Info: /Users/alanamcgovern/Desktop/UN_Estimates/UN-Subnation
al-Estimates/Results/Guinea/Figures/Summary/U5MR/Guinea_admin2_strat_u5_9per.pd
f , page4 used on input line 180.
(pdftex.def)             Requested size: 530.3257pt x 795.48854pt.
[16 </Users/alanamcgovern/Desktop/UN_Estimates/UN-Subnational-Estimates/Results
/Guinea/Figures/Summary/U5MR/Guinea_admin2_strat_u5_9per.pdf>]
</Users/alanamcgovern/Desktop/UN_Estimates/UN-Subnational-Estimates/Results/Gui
nea/Figures/Summary/U5MR/Guinea_admin2_strat_u5_9per.pdf, id=195, page=5, 433.6
2pt x 650.43pt>
File: /Users/alanamcgovern/Desktop/UN_Estimates/UN-Subnational-Estimates/Result
s/Guinea/Figures/Summary/U5MR/Guinea_admin2_strat_u5_9per.pdf Graphic file (typ
e pdf)
<use /Users/alanamcgovern/Desktop/UN_Estimates/UN-Subnational-Estimates/Results
/Guinea/Figures/Summary/U5MR/Guinea_admin2_strat_u5_9per.pdf, page 5>
Package pdftex.def Info: /Users/alanamcgovern/Desktop/UN_Estimates/UN-Subnation
al-Estimates/Results/Guinea/Figures/Summary/U5MR/Guinea_admin2_strat_u5_9per.pd
f , page5 used on input line 180.
(pdftex.def)             Requested size: 530.3257pt x 795.48854pt.
File: /Users/alanamcgovern/Desktop/UN_Estimates/UN-Subnational-Estimates/Result
s/Guinea/Figures/Summary/U5MR/Guinea_admin2_strat_u5_9per.pdf Graphic file (typ
e pdf)
<use /Users/alanamcgovern/Desktop/UN_Estimates/UN-Subnational-Estimates/Results
/Guinea/Figures/Summary/U5MR/Guinea_admin2_strat_u5_9per.pdf, page 5>
Package pdftex.def Info: /Users/alanamcgovern/Desktop/UN_Estimates/UN-Subnation
al-Estimates/Results/Guinea/Figures/Summary/U5MR/Guinea_admin2_strat_u5_9per.pd
f , page5 used on input line 180.
(pdftex.def)             Requested size: 530.3257pt x 795.48854pt.
File: /Users/alanamcgovern/Desktop/UN_Estimates/UN-Subnational-Estimates/Result
s/Guinea/Figures/Summary/U5MR/Guinea_admin2_strat_u5_9per.pdf Graphic file (typ
e pdf)
<use /Users/alanamcgovern/Desktop/UN_Estimates/UN-Subnational-Estimates/Results
/Guinea/Figures/Summary/U5MR/Guinea_admin2_strat_u5_9per.pdf, page 5>
Package pdftex.def Info: /Users/alanamcgovern/Desktop/UN_Estimates/UN-Subnation
al-Estimates/Results/Guinea/Figures/Summary/U5MR/Guinea_admin2_strat_u5_9per.pd
f , page5 used on input line 180.
(pdftex.def)             Requested size: 530.3257pt x 795.48854pt.
[17 </Users/alanamcgovern/Desktop/UN_Estimates/UN-Subnational-Estimates/Results
/Guinea/Figures/Summary/U5MR/Guinea_admin2_strat_u5_9per.pdf>]
</Users/alanamcgovern/Desktop/UN_Estimates/UN-Subnational-Estimates/Results/Gui
nea/Figures/Summary/U5MR/Guinea_admin2_strat_u5_9per.pdf, id=200, page=6, 433.6
2pt x 650.43pt>
File: /Users/alanamcgovern/Desktop/UN_Estimates/UN-Subnational-Estimates/Result
s/Guinea/Figures/Summary/U5MR/Guinea_admin2_strat_u5_9per.pdf Graphic file (typ
e pdf)
<use /Users/alanamcgovern/Desktop/UN_Estimates/UN-Subnational-Estimates/Results
/Guinea/Figures/Summary/U5MR/Guinea_admin2_strat_u5_9per.pdf, page 6>
Package pdftex.def Info: /Users/alanamcgovern/Desktop/UN_Estimates/UN-Subnation
al-Estimates/Results/Guinea/Figures/Summary/U5MR/Guinea_admin2_strat_u5_9per.pd
f , page6 used on input line 180.
(pdftex.def)             Requested size: 530.3257pt x 795.48854pt.
File: /Users/alanamcgovern/Desktop/UN_Estimates/UN-Subnational-Estimates/Result
s/Guinea/Figures/Summary/U5MR/Guinea_admin2_strat_u5_9per.pdf Graphic file (typ
e pdf)
<use /Users/alanamcgovern/Desktop/UN_Estimates/UN-Subnational-Estimates/Results
/Guinea/Figures/Summary/U5MR/Guinea_admin2_strat_u5_9per.pdf, page 6>
Package pdftex.def Info: /Users/alanamcgovern/Desktop/UN_Estimates/UN-Subnation
al-Estimates/Results/Guinea/Figures/Summary/U5MR/Guinea_admin2_strat_u5_9per.pd
f , page6 used on input line 180.
(pdftex.def)             Requested size: 530.3257pt x 795.48854pt.
File: /Users/alanamcgovern/Desktop/UN_Estimates/UN-Subnational-Estimates/Result
s/Guinea/Figures/Summary/U5MR/Guinea_admin2_strat_u5_9per.pdf Graphic file (typ
e pdf)
<use /Users/alanamcgovern/Desktop/UN_Estimates/UN-Subnational-Estimates/Results
/Guinea/Figures/Summary/U5MR/Guinea_admin2_strat_u5_9per.pdf, page 6>
Package pdftex.def Info: /Users/alanamcgovern/Desktop/UN_Estimates/UN-Subnation
al-Estimates/Results/Guinea/Figures/Summary/U5MR/Guinea_admin2_strat_u5_9per.pd
f , page6 used on input line 180.
(pdftex.def)             Requested size: 530.3257pt x 795.48854pt.
[18 </Users/alanamcgovern/Desktop/UN_Estimates/UN-Subnational-Estimates/Results
/Guinea/Figures/Summary/U5MR/Guinea_admin2_strat_u5_9per.pdf>]
</Users/alanamcgovern/Desktop/UN_Estimates/UN-Subnational-Estimates/Results/Gui
nea/Figures/Summary/U5MR/Guinea_admin2_strat_u5_9per.pdf, id=205, page=7, 433.6
2pt x 650.43pt>
File: /Users/alanamcgovern/Desktop/UN_Estimates/UN-Subnational-Estimates/Result
s/Guinea/Figures/Summary/U5MR/Guinea_admin2_strat_u5_9per.pdf Graphic file (typ
e pdf)
<use /Users/alanamcgovern/Desktop/UN_Estimates/UN-Subnational-Estimates/Results
/Guinea/Figures/Summary/U5MR/Guinea_admin2_strat_u5_9per.pdf, page 7>
Package pdftex.def Info: /Users/alanamcgovern/Desktop/UN_Estimates/UN-Subnation
al-Estimates/Results/Guinea/Figures/Summary/U5MR/Guinea_admin2_strat_u5_9per.pd
f , page7 used on input line 180.
(pdftex.def)             Requested size: 530.3257pt x 795.48854pt.
File: /Users/alanamcgovern/Desktop/UN_Estimates/UN-Subnational-Estimates/Result
s/Guinea/Figures/Summary/U5MR/Guinea_admin2_strat_u5_9per.pdf Graphic file (typ
e pdf)
<use /Users/alanamcgovern/Desktop/UN_Estimates/UN-Subnational-Estimates/Results
/Guinea/Figures/Summary/U5MR/Guinea_admin2_strat_u5_9per.pdf, page 7>
Package pdftex.def Info: /Users/alanamcgovern/Desktop/UN_Estimates/UN-Subnation
al-Estimates/Results/Guinea/Figures/Summary/U5MR/Guinea_admin2_strat_u5_9per.pd
f , page7 used on input line 180.
(pdftex.def)             Requested size: 530.3257pt x 795.48854pt.
File: /Users/alanamcgovern/Desktop/UN_Estimates/UN-Subnational-Estimates/Result
s/Guinea/Figures/Summary/U5MR/Guinea_admin2_strat_u5_9per.pdf Graphic file (typ
e pdf)
<use /Users/alanamcgovern/Desktop/UN_Estimates/UN-Subnational-Estimates/Results
/Guinea/Figures/Summary/U5MR/Guinea_admin2_strat_u5_9per.pdf, page 7>
Package pdftex.def Info: /Users/alanamcgovern/Desktop/UN_Estimates/UN-Subnation
al-Estimates/Results/Guinea/Figures/Summary/U5MR/Guinea_admin2_strat_u5_9per.pd
f , page7 used on input line 180.
(pdftex.def)             Requested size: 530.3257pt x 795.48854pt.
[19 </Users/alanamcgovern/Desktop/UN_Estimates/UN-Subnational-Estimates/Results
/Guinea/Figures/Summary/U5MR/Guinea_admin2_strat_u5_9per.pdf>]
</Users/alanamcgovern/Desktop/UN_Estimates/UN-Subnational-Estimates/Results/Gui
nea/Figures/Summary/U5MR/Guinea_admin2_strat_u5_9per.pdf, id=211, page=8, 433.6
2pt x 650.43pt>
File: /Users/alanamcgovern/Desktop/UN_Estimates/UN-Subnational-Estimates/Result
s/Guinea/Figures/Summary/U5MR/Guinea_admin2_strat_u5_9per.pdf Graphic file (typ
e pdf)
<use /Users/alanamcgovern/Desktop/UN_Estimates/UN-Subnational-Estimates/Results
/Guinea/Figures/Summary/U5MR/Guinea_admin2_strat_u5_9per.pdf, page 8>
Package pdftex.def Info: /Users/alanamcgovern/Desktop/UN_Estimates/UN-Subnation
al-Estimates/Results/Guinea/Figures/Summary/U5MR/Guinea_admin2_strat_u5_9per.pd
f , page8 used on input line 180.
(pdftex.def)             Requested size: 530.3257pt x 795.48854pt.
File: /Users/alanamcgovern/Desktop/UN_Estimates/UN-Subnational-Estimates/Result
s/Guinea/Figures/Summary/U5MR/Guinea_admin2_strat_u5_9per.pdf Graphic file (typ
e pdf)
<use /Users/alanamcgovern/Desktop/UN_Estimates/UN-Subnational-Estimates/Results
/Guinea/Figures/Summary/U5MR/Guinea_admin2_strat_u5_9per.pdf, page 8>
Package pdftex.def Info: /Users/alanamcgovern/Desktop/UN_Estimates/UN-Subnation
al-Estimates/Results/Guinea/Figures/Summary/U5MR/Guinea_admin2_strat_u5_9per.pd
f , page8 used on input line 180.
(pdftex.def)             Requested size: 530.3257pt x 795.48854pt.
File: /Users/alanamcgovern/Desktop/UN_Estimates/UN-Subnational-Estimates/Result
s/Guinea/Figures/Summary/U5MR/Guinea_admin2_strat_u5_9per.pdf Graphic file (typ
e pdf)
<use /Users/alanamcgovern/Desktop/UN_Estimates/UN-Subnational-Estimates/Results
/Guinea/Figures/Summary/U5MR/Guinea_admin2_strat_u5_9per.pdf, page 8>
Package pdftex.def Info: /Users/alanamcgovern/Desktop/UN_Estimates/UN-Subnation
al-Estimates/Results/Guinea/Figures/Summary/U5MR/Guinea_admin2_strat_u5_9per.pd
f , page8 used on input line 180.
(pdftex.def)             Requested size: 530.3257pt x 795.48854pt.
[20 </Users/alanamcgovern/Desktop/UN_Estimates/UN-Subnational-Estimates/Results
/Guinea/Figures/Summary/U5MR/Guinea_admin2_strat_u5_9per.pdf>]
</Users/alanamcgovern/Desktop/UN_Estimates/UN-Subnational-Estimates/Results/Gui
nea/Figures/Summary/U5MR/Guinea_admin2_strat_u5_9per.pdf, id=216, page=9, 433.6
2pt x 650.43pt>
File: /Users/alanamcgovern/Desktop/UN_Estimates/UN-Subnational-Estimates/Result
s/Guinea/Figures/Summary/U5MR/Guinea_admin2_strat_u5_9per.pdf Graphic file (typ
e pdf)
<use /Users/alanamcgovern/Desktop/UN_Estimates/UN-Subnational-Estimates/Results
/Guinea/Figures/Summary/U5MR/Guinea_admin2_strat_u5_9per.pdf, page 9>
Package pdftex.def Info: /Users/alanamcgovern/Desktop/UN_Estimates/UN-Subnation
al-Estimates/Results/Guinea/Figures/Summary/U5MR/Guinea_admin2_strat_u5_9per.pd
f , page9 used on input line 180.
(pdftex.def)             Requested size: 530.3257pt x 795.48854pt.
File: /Users/alanamcgovern/Desktop/UN_Estimates/UN-Subnational-Estimates/Result
s/Guinea/Figures/Summary/U5MR/Guinea_admin2_strat_u5_9per.pdf Graphic file (typ
e pdf)
<use /Users/alanamcgovern/Desktop/UN_Estimates/UN-Subnational-Estimates/Results
/Guinea/Figures/Summary/U5MR/Guinea_admin2_strat_u5_9per.pdf, page 9>
Package pdftex.def Info: /Users/alanamcgovern/Desktop/UN_Estimates/UN-Subnation
al-Estimates/Results/Guinea/Figures/Summary/U5MR/Guinea_admin2_strat_u5_9per.pd
f , page9 used on input line 180.
(pdftex.def)             Requested size: 530.3257pt x 795.48854pt.
File: /Users/alanamcgovern/Desktop/UN_Estimates/UN-Subnational-Estimates/Result
s/Guinea/Figures/Summary/U5MR/Guinea_admin2_strat_u5_9per.pdf Graphic file (typ
e pdf)
<use /Users/alanamcgovern/Desktop/UN_Estimates/UN-Subnational-Estimates/Results
/Guinea/Figures/Summary/U5MR/Guinea_admin2_strat_u5_9per.pdf, page 9>
Package pdftex.def Info: /Users/alanamcgovern/Desktop/UN_Estimates/UN-Subnation
al-Estimates/Results/Guinea/Figures/Summary/U5MR/Guinea_admin2_strat_u5_9per.pd
f , page9 used on input line 180.
(pdftex.def)             Requested size: 530.3257pt x 795.48854pt.
[21 </Users/alanamcgovern/Desktop/UN_Estimates/UN-Subnational-Estimates/Results
/Guinea/Figures/Summary/U5MR/Guinea_admin2_strat_u5_9per.pdf>]
</Users/alanamcgovern/Desktop/UN_Estimates/UN-Subnational-Estimates/Results/Gui
nea/Figures/Summary/U5MR/Guinea_admin2_strat_u5_9per.pdf, id=221, page=10, 433.
62pt x 650.43pt>
File: /Users/alanamcgovern/Desktop/UN_Estimates/UN-Subnational-Estimates/Result
s/Guinea/Figures/Summary/U5MR/Guinea_admin2_strat_u5_9per.pdf Graphic file (typ
e pdf)
<use /Users/alanamcgovern/Desktop/UN_Estimates/UN-Subnational-Estimates/Results
/Guinea/Figures/Summary/U5MR/Guinea_admin2_strat_u5_9per.pdf, page 10>
Package pdftex.def Info: /Users/alanamcgovern/Desktop/UN_Estimates/UN-Subnation
al-Estimates/Results/Guinea/Figures/Summary/U5MR/Guinea_admin2_strat_u5_9per.pd
f , page10 used on input line 180.
(pdftex.def)             Requested size: 530.3257pt x 795.48854pt.
File: /Users/alanamcgovern/Desktop/UN_Estimates/UN-Subnational-Estimates/Result
s/Guinea/Figures/Summary/U5MR/Guinea_admin2_strat_u5_9per.pdf Graphic file (typ
e pdf)
<use /Users/alanamcgovern/Desktop/UN_Estimates/UN-Subnational-Estimates/Results
/Guinea/Figures/Summary/U5MR/Guinea_admin2_strat_u5_9per.pdf, page 10>
Package pdftex.def Info: /Users/alanamcgovern/Desktop/UN_Estimates/UN-Subnation
al-Estimates/Results/Guinea/Figures/Summary/U5MR/Guinea_admin2_strat_u5_9per.pd
f , page10 used on input line 180.
(pdftex.def)             Requested size: 530.3257pt x 795.48854pt.
File: /Users/alanamcgovern/Desktop/UN_Estimates/UN-Subnational-Estimates/Result
s/Guinea/Figures/Summary/U5MR/Guinea_admin2_strat_u5_9per.pdf Graphic file (typ
e pdf)
<use /Users/alanamcgovern/Desktop/UN_Estimates/UN-Subnational-Estimates/Results
/Guinea/Figures/Summary/U5MR/Guinea_admin2_strat_u5_9per.pdf, page 10>
Package pdftex.def Info: /Users/alanamcgovern/Desktop/UN_Estimates/UN-Subnation
al-Estimates/Results/Guinea/Figures/Summary/U5MR/Guinea_admin2_strat_u5_9per.pd
f , page10 used on input line 180.
(pdftex.def)             Requested size: 530.3257pt x 795.48854pt.
[22 </Users/alanamcgovern/Desktop/UN_Estimates/UN-Subnational-Estimates/Results
/Guinea/Figures/Summary/U5MR/Guinea_admin2_strat_u5_9per.pdf>]
</Users/alanamcgovern/Desktop/UN_Estimates/UN-Subnational-Estimates/Results/Gui
nea/Figures/Summary/U5MR/Guinea_admin2_strat_u5_9per.pdf, id=226, page=11, 433.
62pt x 650.43pt>
File: /Users/alanamcgovern/Desktop/UN_Estimates/UN-Subnational-Estimates/Result
s/Guinea/Figures/Summary/U5MR/Guinea_admin2_strat_u5_9per.pdf Graphic file (typ
e pdf)
<use /Users/alanamcgovern/Desktop/UN_Estimates/UN-Subnational-Estimates/Results
/Guinea/Figures/Summary/U5MR/Guinea_admin2_strat_u5_9per.pdf, page 11>
Package pdftex.def Info: /Users/alanamcgovern/Desktop/UN_Estimates/UN-Subnation
al-Estimates/Results/Guinea/Figures/Summary/U5MR/Guinea_admin2_strat_u5_9per.pd
f , page11 used on input line 180.
(pdftex.def)             Requested size: 530.3257pt x 795.48854pt.
File: /Users/alanamcgovern/Desktop/UN_Estimates/UN-Subnational-Estimates/Result
s/Guinea/Figures/Summary/U5MR/Guinea_admin2_strat_u5_9per.pdf Graphic file (typ
e pdf)
<use /Users/alanamcgovern/Desktop/UN_Estimates/UN-Subnational-Estimates/Results
/Guinea/Figures/Summary/U5MR/Guinea_admin2_strat_u5_9per.pdf, page 11>
Package pdftex.def Info: /Users/alanamcgovern/Desktop/UN_Estimates/UN-Subnation
al-Estimates/Results/Guinea/Figures/Summary/U5MR/Guinea_admin2_strat_u5_9per.pd
f , page11 used on input line 180.
(pdftex.def)             Requested size: 530.3257pt x 795.48854pt.
File: /Users/alanamcgovern/Desktop/UN_Estimates/UN-Subnational-Estimates/Result
s/Guinea/Figures/Summary/U5MR/Guinea_admin2_strat_u5_9per.pdf Graphic file (typ
e pdf)
<use /Users/alanamcgovern/Desktop/UN_Estimates/UN-Subnational-Estimates/Results
/Guinea/Figures/Summary/U5MR/Guinea_admin2_strat_u5_9per.pdf, page 11>
Package pdftex.def Info: /Users/alanamcgovern/Desktop/UN_Estimates/UN-Subnation
al-Estimates/Results/Guinea/Figures/Summary/U5MR/Guinea_admin2_strat_u5_9per.pd
f , page11 used on input line 180.
(pdftex.def)             Requested size: 530.3257pt x 795.48854pt.
[23 </Users/alanamcgovern/Desktop/UN_Estimates/UN-Subnational-Estimates/Results
/Guinea/Figures/Summary/U5MR/Guinea_admin2_strat_u5_9per.pdf>]
</Users/alanamcgovern/Desktop/UN_Estimates/UN-Subnational-Estimates/Results/Gui
nea/Figures/Summary/U5MR/Guinea_admin2_strat_u5_9per.pdf, id=231, page=12, 433.
62pt x 650.43pt>
File: /Users/alanamcgovern/Desktop/UN_Estimates/UN-Subnational-Estimates/Result
s/Guinea/Figures/Summary/U5MR/Guinea_admin2_strat_u5_9per.pdf Graphic file (typ
e pdf)
<use /Users/alanamcgovern/Desktop/UN_Estimates/UN-Subnational-Estimates/Results
/Guinea/Figures/Summary/U5MR/Guinea_admin2_strat_u5_9per.pdf, page 12>
Package pdftex.def Info: /Users/alanamcgovern/Desktop/UN_Estimates/UN-Subnation
al-Estimates/Results/Guinea/Figures/Summary/U5MR/Guinea_admin2_strat_u5_9per.pd
f , page12 used on input line 180.
(pdftex.def)             Requested size: 530.3257pt x 795.48854pt.
File: /Users/alanamcgovern/Desktop/UN_Estimates/UN-Subnational-Estimates/Result
s/Guinea/Figures/Summary/U5MR/Guinea_admin2_strat_u5_9per.pdf Graphic file (typ
e pdf)
<use /Users/alanamcgovern/Desktop/UN_Estimates/UN-Subnational-Estimates/Results
/Guinea/Figures/Summary/U5MR/Guinea_admin2_strat_u5_9per.pdf, page 12>
Package pdftex.def Info: /Users/alanamcgovern/Desktop/UN_Estimates/UN-Subnation
al-Estimates/Results/Guinea/Figures/Summary/U5MR/Guinea_admin2_strat_u5_9per.pd
f , page12 used on input line 180.
(pdftex.def)             Requested size: 530.3257pt x 795.48854pt.
File: /Users/alanamcgovern/Desktop/UN_Estimates/UN-Subnational-Estimates/Result
s/Guinea/Figures/Summary/U5MR/Guinea_admin2_strat_u5_9per.pdf Graphic file (typ
e pdf)
<use /Users/alanamcgovern/Desktop/UN_Estimates/UN-Subnational-Estimates/Results
/Guinea/Figures/Summary/U5MR/Guinea_admin2_strat_u5_9per.pdf, page 12>
Package pdftex.def Info: /Users/alanamcgovern/Desktop/UN_Estimates/UN-Subnation
al-Estimates/Results/Guinea/Figures/Summary/U5MR/Guinea_admin2_strat_u5_9per.pd
f , page12 used on input line 180.
(pdftex.def)             Requested size: 530.3257pt x 795.48854pt.
[24 </Users/alanamcgovern/Desktop/UN_Estimates/UN-Subnational-Estimates/Results
/Guinea/Figures/Summary/U5MR/Guinea_admin2_strat_u5_9per.pdf>]
LaTeX Font Info:    Trying to load font information for TS1+lmr on input line 1
91.
(/usr/local/texlive/2020/texmf-dist/tex/latex/lm/ts1lmr.fd
File: ts1lmr.fd 2009/10/30 v1.6 Font defs for Latin Modern
)
</Users/alanamcgovern/Desktop/UN_Estimates/UN-Subnational-Estimates/Results/Gui
nea/Figures/Betabinomial/U5MR/trend/Guinea_natl_strat_u5_temporal.pdf, id=236, 
542.025pt x 361.35pt>
File: /Users/alanamcgovern/Desktop/UN_Estimates/UN-Subnational-Estimates/Result
s/Guinea/Figures/Betabinomial/U5MR/trend/Guinea_natl_strat_u5_temporal.pdf Grap
hic file (type pdf)
<use /Users/alanamcgovern/Desktop/UN_Estimates/UN-Subnational-Estimates/Results
/Guinea/Figures/Betabinomial/U5MR/trend/Guinea_natl_strat_u5_temporal.pdf>
Package pdftex.def Info: /Users/alanamcgovern/Desktop/UN_Estimates/UN-Subnation
al-Estimates/Results/Guinea/Figures/Betabinomial/U5MR/trend/Guinea_natl_strat_u
5_temporal.pdf  used on input line 219.
(pdftex.def)             Requested size: 469.77148pt x 313.181pt.
[25

] [26 </Users/alanamcgovern/Desktop/UN_Estimates/UN-Subnational-Estimates/Resul
ts/Guinea/Figures/Betabinomial/U5MR/trend/Guinea_natl_strat_u5_temporal.pdf>]
</Users/alanamcgovern/Desktop/UN_Estimates/UN-Subnational-Estimates/Results/Gui
nea/Figures/Summary/U5MR/Guinea_natl_strat_u5_spaghetti.pdf, id=255, 578.16pt x
 578.16pt>
File: /Users/alanamcgovern/Desktop/UN_Estimates/UN-Subnational-Estimates/Result
s/Guinea/Figures/Summary/U5MR/Guinea_natl_strat_u5_spaghetti.pdf Graphic file (
type pdf)
<use /Users/alanamcgovern/Desktop/UN_Estimates/UN-Subnational-Estimates/Results
/Guinea/Figures/Summary/U5MR/Guinea_natl_strat_u5_spaghetti.pdf>
Package pdftex.def Info: /Users/alanamcgovern/Desktop/UN_Estimates/UN-Subnation
al-Estimates/Results/Guinea/Figures/Summary/U5MR/Guinea_natl_strat_u5_spaghetti
.pdf  used on input line 226.
(pdftex.def)             Requested size: 469.75385pt x 469.75385pt.
[27 </Users/alanamcgovern/Desktop/UN_Estimates/UN-Subnational-Estimates/Results
/Guinea/Figures/Summary/U5MR/Guinea_natl_strat_u5_spaghetti.pdf>]
</Users/alanamcgovern/Desktop/UN_Estimates/UN-Subnational-Estimates/Results/Gui
nea/Figures/Summary/U5MR/Guinea_admin1_strat_u5_9per.pdf, id=272, 433.62pt x 65
0.43pt>
File: /Users/alanamcgovern/Desktop/UN_Estimates/UN-Subnational-Estimates/Result
s/Guinea/Figures/Summary/U5MR/Guinea_admin1_strat_u5_9per.pdf Graphic file (typ
e pdf)
<use /Users/alanamcgovern/Desktop/UN_Estimates/UN-Subnational-Estimates/Results
/Guinea/Figures/Summary/U5MR/Guinea_admin1_strat_u5_9per.pdf>
Package pdftex.def Info: /Users/alanamcgovern/Desktop/UN_Estimates/UN-Subnation
al-Estimates/Results/Guinea/Figures/Summary/U5MR/Guinea_admin1_strat_u5_9per.pd
f  used on input line 234.
(pdftex.def)             Requested size: 433.63878pt x 650.45818pt.
File: /Users/alanamcgovern/Desktop/UN_Estimates/UN-Subnational-Estimates/Result
s/Guinea/Figures/Summary/U5MR/Guinea_admin1_strat_u5_9per.pdf Graphic file (typ
e pdf)
<use /Users/alanamcgovern/Desktop/UN_Estimates/UN-Subnational-Estimates/Results
/Guinea/Figures/Summary/U5MR/Guinea_admin1_strat_u5_9per.pdf>
Package pdftex.def Info: /Users/alanamcgovern/Desktop/UN_Estimates/UN-Subnation
al-Estimates/Results/Guinea/Figures/Summary/U5MR/Guinea_admin1_strat_u5_9per.pd
f  used on input line 234.
(pdftex.def)             Requested size: 433.63878pt x 650.45818pt.
</Users/alanamcgovern/Desktop/UN_Estimates/UN-Subnational-Estimates/Results/Gui
nea/Figures/Summary/U5MR/Guinea_admin1_strat_u5_9per.pdf, id=275, page=1, 433.6
2pt x 650.43pt>
File: /Users/alanamcgovern/Desktop/UN_Estimates/UN-Subnational-Estimates/Result
s/Guinea/Figures/Summary/U5MR/Guinea_admin1_strat_u5_9per.pdf Graphic file (typ
e pdf)
<use /Users/alanamcgovern/Desktop/UN_Estimates/UN-Subnational-Estimates/Results
/Guinea/Figures/Summary/U5MR/Guinea_admin1_strat_u5_9per.pdf, page 1>
Package pdftex.def Info: /Users/alanamcgovern/Desktop/UN_Estimates/UN-Subnation
al-Estimates/Results/Guinea/Figures/Summary/U5MR/Guinea_admin1_strat_u5_9per.pd
f , page1 used on input line 234.
(pdftex.def)             Requested size: 433.61894pt x 650.4284pt.
File: /Users/alanamcgovern/Desktop/UN_Estimates/UN-Subnational-Estimates/Result
s/Guinea/Figures/Summary/U5MR/Guinea_admin1_strat_u5_9per.pdf Graphic file (typ
e pdf)
<use /Users/alanamcgovern/Desktop/UN_Estimates/UN-Subnational-Estimates/Results
/Guinea/Figures/Summary/U5MR/Guinea_admin1_strat_u5_9per.pdf, page 1>
Package pdftex.def Info: /Users/alanamcgovern/Desktop/UN_Estimates/UN-Subnation
al-Estimates/Results/Guinea/Figures/Summary/U5MR/Guinea_admin1_strat_u5_9per.pd
f , page1 used on input line 234.
(pdftex.def)             Requested size: 530.3257pt x 795.48854pt.
[28


]
File: /Users/alanamcgovern/Desktop/UN_Estimates/UN-Subnational-Estimates/Result
s/Guinea/Figures/Summary/U5MR/Guinea_admin1_strat_u5_9per.pdf Graphic file (typ
e pdf)
<use /Users/alanamcgovern/Desktop/UN_Estimates/UN-Subnational-Estimates/Results
/Guinea/Figures/Summary/U5MR/Guinea_admin1_strat_u5_9per.pdf, page 1>
Package pdftex.def Info: /Users/alanamcgovern/Desktop/UN_Estimates/UN-Subnation
al-Estimates/Results/Guinea/Figures/Summary/U5MR/Guinea_admin1_strat_u5_9per.pd
f , page1 used on input line 234.
(pdftex.def)             Requested size: 530.3257pt x 795.48854pt.
File: /Users/alanamcgovern/Desktop/UN_Estimates/UN-Subnational-Estimates/Result
s/Guinea/Figures/Summary/U5MR/Guinea_admin1_strat_u5_9per.pdf Graphic file (typ
e pdf)
<use /Users/alanamcgovern/Desktop/UN_Estimates/UN-Subnational-Estimates/Results
/Guinea/Figures/Summary/U5MR/Guinea_admin1_strat_u5_9per.pdf, page 1>
Package pdftex.def Info: /Users/alanamcgovern/Desktop/UN_Estimates/UN-Subnation
al-Estimates/Results/Guinea/Figures/Summary/U5MR/Guinea_admin1_strat_u5_9per.pd
f , page1 used on input line 234.
(pdftex.def)             Requested size: 530.3257pt x 795.48854pt.
File: /Users/alanamcgovern/Desktop/UN_Estimates/UN-Subnational-Estimates/Result
s/Guinea/Figures/Summary/U5MR/Guinea_admin1_strat_u5_9per.pdf Graphic file (typ
e pdf)
<use /Users/alanamcgovern/Desktop/UN_Estimates/UN-Subnational-Estimates/Results
/Guinea/Figures/Summary/U5MR/Guinea_admin1_strat_u5_9per.pdf, page 1>
Package pdftex.def Info: /Users/alanamcgovern/Desktop/UN_Estimates/UN-Subnation
al-Estimates/Results/Guinea/Figures/Summary/U5MR/Guinea_admin1_strat_u5_9per.pd
f , page1 used on input line 234.
(pdftex.def)             Requested size: 530.3257pt x 795.48854pt.
[29 </Users/alanamcgovern/Desktop/UN_Estimates/UN-Subnational-Estimates/Results
/Guinea/Figures/Summary/U5MR/Guinea_admin1_strat_u5_9per.pdf>]
</Users/alanamcgovern/Desktop/UN_Estimates/UN-Subnational-Estimates/Results/Gui
nea/Figures/Summary/U5MR/Guinea_admin1_strat_u5_9per.pdf, id=296, page=2, 433.6
2pt x 650.43pt>
File: /Users/alanamcgovern/Desktop/UN_Estimates/UN-Subnational-Estimates/Result
s/Guinea/Figures/Summary/U5MR/Guinea_admin1_strat_u5_9per.pdf Graphic file (typ
e pdf)
<use /Users/alanamcgovern/Desktop/UN_Estimates/UN-Subnational-Estimates/Results
/Guinea/Figures/Summary/U5MR/Guinea_admin1_strat_u5_9per.pdf, page 2>
Package pdftex.def Info: /Users/alanamcgovern/Desktop/UN_Estimates/UN-Subnation
al-Estimates/Results/Guinea/Figures/Summary/U5MR/Guinea_admin1_strat_u5_9per.pd
f , page2 used on input line 234.
(pdftex.def)             Requested size: 530.3257pt x 795.48854pt.
File: /Users/alanamcgovern/Desktop/UN_Estimates/UN-Subnational-Estimates/Result
s/Guinea/Figures/Summary/U5MR/Guinea_admin1_strat_u5_9per.pdf Graphic file (typ
e pdf)
<use /Users/alanamcgovern/Desktop/UN_Estimates/UN-Subnational-Estimates/Results
/Guinea/Figures/Summary/U5MR/Guinea_admin1_strat_u5_9per.pdf, page 2>
Package pdftex.def Info: /Users/alanamcgovern/Desktop/UN_Estimates/UN-Subnation
al-Estimates/Results/Guinea/Figures/Summary/U5MR/Guinea_admin1_strat_u5_9per.pd
f , page2 used on input line 234.
(pdftex.def)             Requested size: 530.3257pt x 795.48854pt.
File: /Users/alanamcgovern/Desktop/UN_Estimates/UN-Subnational-Estimates/Result
s/Guinea/Figures/Summary/U5MR/Guinea_admin1_strat_u5_9per.pdf Graphic file (typ
e pdf)
<use /Users/alanamcgovern/Desktop/UN_Estimates/UN-Subnational-Estimates/Results
/Guinea/Figures/Summary/U5MR/Guinea_admin1_strat_u5_9per.pdf, page 2>
Package pdftex.def Info: /Users/alanamcgovern/Desktop/UN_Estimates/UN-Subnation
al-Estimates/Results/Guinea/Figures/Summary/U5MR/Guinea_admin1_strat_u5_9per.pd
f , page2 used on input line 234.
(pdftex.def)             Requested size: 530.3257pt x 795.48854pt.
[30 </Users/alanamcgovern/Desktop/UN_Estimates/UN-Subnational-Estimates/Results
/Guinea/Figures/Summary/U5MR/Guinea_admin1_strat_u5_9per.pdf>]
</Users/alanamcgovern/Desktop/UN_Estimates/UN-Subnational-Estimates/Results/Gui
nea/Figures/Summary/U5MR/Guinea_admin1_strat_u5_9per.pdf, id=301, page=3, 433.6
2pt x 650.43pt>
File: /Users/alanamcgovern/Desktop/UN_Estimates/UN-Subnational-Estimates/Result
s/Guinea/Figures/Summary/U5MR/Guinea_admin1_strat_u5_9per.pdf Graphic file (typ
e pdf)
<use /Users/alanamcgovern/Desktop/UN_Estimates/UN-Subnational-Estimates/Results
/Guinea/Figures/Summary/U5MR/Guinea_admin1_strat_u5_9per.pdf, page 3>
Package pdftex.def Info: /Users/alanamcgovern/Desktop/UN_Estimates/UN-Subnation
al-Estimates/Results/Guinea/Figures/Summary/U5MR/Guinea_admin1_strat_u5_9per.pd
f , page3 used on input line 234.
(pdftex.def)             Requested size: 530.3257pt x 795.48854pt.
File: /Users/alanamcgovern/Desktop/UN_Estimates/UN-Subnational-Estimates/Result
s/Guinea/Figures/Summary/U5MR/Guinea_admin1_strat_u5_9per.pdf Graphic file (typ
e pdf)
<use /Users/alanamcgovern/Desktop/UN_Estimates/UN-Subnational-Estimates/Results
/Guinea/Figures/Summary/U5MR/Guinea_admin1_strat_u5_9per.pdf, page 3>
Package pdftex.def Info: /Users/alanamcgovern/Desktop/UN_Estimates/UN-Subnation
al-Estimates/Results/Guinea/Figures/Summary/U5MR/Guinea_admin1_strat_u5_9per.pd
f , page3 used on input line 234.
(pdftex.def)             Requested size: 530.3257pt x 795.48854pt.
File: /Users/alanamcgovern/Desktop/UN_Estimates/UN-Subnational-Estimates/Result
s/Guinea/Figures/Summary/U5MR/Guinea_admin1_strat_u5_9per.pdf Graphic file (typ
e pdf)
<use /Users/alanamcgovern/Desktop/UN_Estimates/UN-Subnational-Estimates/Results
/Guinea/Figures/Summary/U5MR/Guinea_admin1_strat_u5_9per.pdf, page 3>
Package pdftex.def Info: /Users/alanamcgovern/Desktop/UN_Estimates/UN-Subnation
al-Estimates/Results/Guinea/Figures/Summary/U5MR/Guinea_admin1_strat_u5_9per.pd
f , page3 used on input line 234.
(pdftex.def)             Requested size: 530.3257pt x 795.48854pt.
[31 </Users/alanamcgovern/Desktop/UN_Estimates/UN-Subnational-Estimates/Results
/Guinea/Figures/Summary/U5MR/Guinea_admin1_strat_u5_9per.pdf>]
Package atveryend Info: Empty hook `BeforeClearDocument' on input line 236.
Package atveryend Info: Empty hook `AfterLastShipout' on input line 236.
(./CountrySummary.aux)
Package atveryend Info: Executing hook `AtVeryEndDocument' on input line 236.
Package atveryend Info: Empty hook `AtEndAfterFileList' on input line 236.
 ) 
Here is how much of TeX's memory you used:
 13833 strings out of 480608
 223014 string characters out of 5903631
 492294 words of memory out of 5000000
 29388 multiletter control sequences out of 15000+600000
 576006 words of font info for 74 fonts, out of 8000000 for 9000
 1141 hyphenation exceptions out of 8191
 41i,18n,46p,813b,475s stack positions out of 5000i,500n,10000p,200000b,80000s
{/usr/local/texlive/2020/texmf-dist/fonts/enc/dvips/lm/lm-ts1.enc}{/usr/local
/texlive/2020/texmf-dist/fonts/enc/dvips/lm/lm-ec.enc}</usr/local/texlive/2020/
texmf-dist/fonts/type1/public/lm/lmbx10.pfb></usr/local/texlive/2020/texmf-dist
/fonts/type1/public/lm/lmbx12.pfb></usr/local/texlive/2020/texmf-dist/fonts/typ
e1/public/lm/lmr10.pfb></usr/local/texlive/2020/texmf-dist/fonts/type1/public/l
m/lmr17.pfb>
Output written on CountrySummary.pdf (31 pages, 3996445 bytes).
PDF statistics:
 355 PDF objects out of 1000 (max. 8388607)
 253 compressed objects within 3 object streams
 54 named destinations out of 1000 (max. 500000)
 10496 words of extra memory for PDF output out of 12000 (max. 10000000)

